Using pre-set license
Built from '2023.2/staging' branch; Version is '2023.2.18f1 (1cb755715f58) revision 1881941'; Using compiler version '193431935'; Build Type 'Release'
OS: 'Windows 11  (10.0.22631) 64bit Professional' Language: 'es' Physical Memory: 65441 MB
BatchMode: 1, IsHumanControllingUs: 0, StartBugReporterOnCrash: 0, Is64bit: 1, IsPro: 1

COMMAND LINE ARGUMENTS:
C:\Program Files\Unity\Hub\Editor\2023.2.18f1\Editor\Unity.exe
-adb2
-batchMode
-noUpm
-name
AssetImportWorker5
-projectPath
H:/Unity/Chuchu-alba
-logFile
Logs/AssetImportWorker5.log
-srvPort
53047
-job-worker-count
11
-background-job-worker-count
8
-asset-garbage-collectors
1
Successfully changed project path to: H:/Unity/Chuchu-alba
H:/Unity/Chuchu-alba
[UnityMemory] Configuration Parameters - Can be set up in boot.config
    "memorysetup-bucket-allocator-granularity=16"
    "memorysetup-bucket-allocator-bucket-count=8"
    "memorysetup-bucket-allocator-block-size=33554432"
    "memorysetup-bucket-allocator-block-count=8"
    "memorysetup-main-allocator-block-size=16777216"
    "memorysetup-thread-allocator-block-size=16777216"
    "memorysetup-gfx-main-allocator-block-size=16777216"
    "memorysetup-gfx-thread-allocator-block-size=16777216"
    "memorysetup-cache-allocator-block-size=4194304"
    "memorysetup-typetree-allocator-block-size=2097152"
    "memorysetup-profiler-bucket-allocator-granularity=16"
    "memorysetup-profiler-bucket-allocator-bucket-count=8"
    "memorysetup-profiler-bucket-allocator-block-size=33554432"
    "memorysetup-profiler-bucket-allocator-block-count=8"
    "memorysetup-profiler-allocator-block-size=16777216"
    "memorysetup-profiler-editor-allocator-block-size=1048576"
    "memorysetup-temp-allocator-size-main=16777216"
    "memorysetup-job-temp-allocator-block-size=2097152"
    "memorysetup-job-temp-allocator-block-size-background=1048576"
    "memorysetup-job-temp-allocator-reduction-small-platforms=262144"
    "memorysetup-allocator-temp-initial-block-size-main=262144"
    "memorysetup-allocator-temp-initial-block-size-worker=262144"
    "memorysetup-temp-allocator-size-background-worker=32768"
    "memorysetup-temp-allocator-size-job-worker=262144"
    "memorysetup-temp-allocator-size-preload-manager=33554432"
    "memorysetup-temp-allocator-size-nav-mesh-worker=65536"
    "memorysetup-temp-allocator-size-audio-worker=65536"
    "memorysetup-temp-allocator-size-cloud-worker=32768"
    "memorysetup-temp-allocator-size-gi-baking-worker=262144"
    "memorysetup-temp-allocator-size-gi-baking-worker=262144"
    "memorysetup-temp-allocator-size-gi-baking-worker=262144"
    "memorysetup-temp-allocator-size-gi-baking-worker=262144"
    "memorysetup-temp-allocator-size-gfx=262144"
Player connection [25548] Host "[IP] 192.168.1.55 [Port] 0 [Flags] 2 [Guid] 4095098420 [EditorId] 4095098420 [Version] 1048832 [Id] WindowsEditor(7,DESKTOP-KFD4UNI) [Debug] 1 [PackageName] WindowsEditor [ProjectName] Editor" joined multi-casting on [225.0.0.222:54997]...
Player connection [25548] Host "[IP] 192.168.1.55 [Port] 0 [Flags] 2 [Guid] 4095098420 [EditorId] 4095098420 [Version] 1048832 [Id] WindowsEditor(7,DESKTOP-KFD4UNI) [Debug] 1 [PackageName] WindowsEditor [ProjectName] Editor" joined alternative multi-casting on [225.0.0.222:34997]...
JobSystem: Creating JobQueue using job-worker-count value 11
[Physics::Module] Initialized MultithreadedJobDispatcher with 11 workers.
Library Redirect Path: Library/
Refreshing native plugins compatible for Editor in 2.28 ms, found 3 plugins.
Preloading 0 native plugins for Editor in 0.00 ms.
Initialize engine version: 2023.2.18f1 (1cb755715f58)
[Subsystems] Discovering subsystems at path C:/Program Files/Unity/Hub/Editor/2023.2.18f1/Editor/Data/Resources/UnitySubsystems
[Subsystems] Discovering subsystems at path H:/Unity/Chuchu-alba/Assets
GfxDevice: creating device client; kGfxThreadingModeNonThreaded
Direct3D:
    Version:  Direct3D 11.0 [level 11.1]
    Renderer: NVIDIA GeForce RTX 3070 (ID=0x2488)
    Vendor:   NVIDIA
    VRAM:     8018 MB
    Driver:   32.0.15.5599
Initialize mono
Mono path[0] = 'C:/Program Files/Unity/Hub/Editor/2023.2.18f1/Editor/Data/Managed'
Mono path[1] = 'C:/Program Files/Unity/Hub/Editor/2023.2.18f1/Editor/Data/MonoBleedingEdge/lib/mono/unityjit-win32'
Mono config path = 'C:/Program Files/Unity/Hub/Editor/2023.2.18f1/Editor/Data/MonoBleedingEdge/etc'
Using monoOptions --debugger-agent=transport=dt_socket,embedding=1,server=y,suspend=n,address=127.0.0.1:56244
Begin MonoManager ReloadAssembly
C:\build\output\Unity-Technologies\mono\mono\metadata\icall.c:1842:
C:\build\output\Unity-Technologies\mono\mono\metadata\icall.c:1842:
C:\build\output\Unity-Technologies\mono\mono\metadata\icall.c:1842:
C:\build\output\Unity-Technologies\mono\mono\metadata\icall.c:1842:
C:\build\output\Unity-Technologies\mono\mono\metadata\icall.c:1842:
C:\build\output\Unity-Technologies\mono\mono\metadata\icall.c:1842:
C:\build\output\Unity-Technologies\mono\mono\metadata\icall.c:1842:
C:\build\output\Unity-Technologies\mono\mono\metadata\icall.c:1842:
C:\build\output\Unity-Technologies\mono\mono\metadata\icall.c:1842:
C:\build\output\Unity-Technologies\mono\mono\metadata\icall.c:1842:
Registering precompiled unity dll's ...
Register platform support module: C:/Program Files/Unity/Hub/Editor/2023.2.18f1/Editor/Data/PlaybackEngines/WebGLSupport/UnityEditor.WebGL.Extensions.dll
Register platform support module: C:/Program Files/Unity/Hub/Editor/2023.2.18f1/Editor/Data/PlaybackEngines/WindowsStandaloneSupport/UnityEditor.WindowsStandalone.Extensions.dll
Register platform support module: C:/Program Files/Unity/Hub/Editor/2023.2.18f1/Editor/Data/PlaybackEngines/MetroSupport/UnityEditor.UWP.Extensions.dll
Registered in 0.004727 seconds.
- Loaded All Assemblies, in  0.316 seconds
Native extension for UWP target not found
Native extension for WindowsStandalone target not found
Native extension for WebGL target not found
Mono: successfully reloaded assembly
C:\build\output\Unity-Technologies\mono\mono\metadata\icall.c:1842:
C:\build\output\Unity-Technologies\mono\mono\metadata\icall.c:1842:
- Finished resetting the current domain, in  0.264 seconds
Domain Reload Profiling: 577ms
	BeginReloadAssembly (103ms)
		ExecutionOrderSort (0ms)
		DisableScriptedObjects (0ms)
		BackupInstance (0ms)
		ReleaseScriptingObjects (0ms)
		CreateAndSetChildDomain (1ms)
	RebuildCommonClasses (28ms)
	RebuildNativeTypeToScriptingClass (9ms)
	initialDomainReloadingComplete (43ms)
	LoadAllAssembliesAndSetupDomain (130ms)
		LoadAssemblies (100ms)
		RebuildTransferFunctionScriptingTraits (0ms)
		AnalyzeDomain (128ms)
			TypeCache.Refresh (126ms)
				TypeCache.ScanAssembly (115ms)
			BuildScriptInfoCaches (0ms)
			ResolveRequiredComponents (0ms)
	FinalizeReload (264ms)
		ReleaseScriptCaches (0ms)
		RebuildScriptCaches (0ms)
		SetupLoadedEditorAssemblies (216ms)
			LogAssemblyErrors (0ms)
			InitializePlatformSupportModulesInManaged (35ms)
			SetLoadedEditorAssemblies (4ms)
			BeforeProcessingInitializeOnLoad (4ms)
			ProcessInitializeOnLoadAttributes (138ms)
			ProcessInitializeOnLoadMethodAttributes (35ms)
			AfterProcessingInitializeOnLoad (0ms)
			EditorAssembliesLoaded (0ms)
		ExecutionOrderSort2 (0ms)
		AwakeInstancesAfterBackupRestoration (0ms)
========================================================================
Worker process is ready to serve import requests
Import Worker Mode flag is 0x00
Begin MonoManager ReloadAssembly
C:\build\output\Unity-Technologies\mono\mono\metadata\icall.c:1842:
C:\build\output\Unity-Technologies\mono\mono\metadata\icall.c:1842:
C:\build\output\Unity-Technologies\mono\mono\metadata\icall.c:1842:
C:\build\output\Unity-Technologies\mono\mono\metadata\icall.c:1842:
C:\build\output\Unity-Technologies\mono\mono\metadata\icall.c:1842:
C:\build\output\Unity-Technologies\mono\mono\metadata\icall.c:1842:
C:\build\output\Unity-Technologies\mono\mono\metadata\icall.c:1842:
C:\build\output\Unity-Technologies\mono\mono\metadata\icall.c:1842:
C:\build\output\Unity-Technologies\mono\mono\metadata\icall.c:1842:
C:\build\output\Unity-Technologies\mono\mono\metadata\icall.c:1842:
C:\build\output\Unity-Technologies\mono\mono\metadata\icall.c:1842:
C:\build\output\Unity-Technologies\mono\mono\metadata\icall.c:1842:
Symbol file LoadedFromMemory doesn't match image H:\Unity\Chuchu-alba\Library\PackageCache\com.unity.visualscripting@1.8.0\Editor\VisualScripting.Core\Dependencies\YamlDotNet\Unity.VisualScripting.YamlDotNet.dll
Symbol file LoadedFromMemory doesn't match image H:\Unity\Chuchu-alba\Library\PackageCache\com.unity.visualscripting@1.8.0\Editor\VisualScripting.Core\Dependencies\DotNetZip\Unity.VisualScripting.IonicZip.dll
- Loaded All Assemblies, in  0.785 seconds
Refreshing native plugins compatible for Editor in 1.56 ms, found 3 plugins.
Native extension for UWP target not found
Native extension for WindowsStandalone target not found
Native extension for WebGL target not found
Mono: successfully reloaded assembly
Package Manager log level set to [2]
[Package Manager] Failed to launch server process. Reason: Unity was launched with the -noUpm command-line argument
[Package Manager] Unable to send message (not connected to server process).
[Package Manager] Cannot connect to Unity Package Manager local server
[Package Manager] Failed to launch server process. Reason: Unity was launched with the -noUpm command-line argument
[Package Manager] Unable to send message (not connected to server process).
[Package Manager] Cannot connect to Unity Package Manager local server
- Finished resetting the current domain, in  0.756 seconds
Domain Reload Profiling: 1537ms
	BeginReloadAssembly (294ms)
		ExecutionOrderSort (0ms)
		DisableScriptedObjects (5ms)
		BackupInstance (0ms)
		ReleaseScriptingObjects (0ms)
		CreateAndSetChildDomain (26ms)
	RebuildCommonClasses (29ms)
	RebuildNativeTypeToScriptingClass (9ms)
	initialDomainReloadingComplete (33ms)
	LoadAllAssembliesAndSetupDomain (417ms)
		LoadAssemblies (281ms)
		RebuildTransferFunctionScriptingTraits (0ms)
		AnalyzeDomain (215ms)
			TypeCache.Refresh (171ms)
				TypeCache.ScanAssembly (157ms)
			BuildScriptInfoCaches (31ms)
			ResolveRequiredComponents (10ms)
	FinalizeReload (756ms)
		ReleaseScriptCaches (0ms)
		RebuildScriptCaches (0ms)
		SetupLoadedEditorAssemblies (555ms)
			LogAssemblyErrors (0ms)
			InitializePlatformSupportModulesInManaged (10ms)
			SetLoadedEditorAssemblies (3ms)
			BeforeProcessingInitializeOnLoad (54ms)
			ProcessInitializeOnLoadAttributes (451ms)
			ProcessInitializeOnLoadMethodAttributes (29ms)
			AfterProcessingInitializeOnLoad (7ms)
			EditorAssembliesLoaded (0ms)
		ExecutionOrderSort2 (0ms)
		AwakeInstancesAfterBackupRestoration (7ms)
Launched and connected shader compiler UnityShaderCompiler.exe after 0.01 seconds
Refreshing native plugins compatible for Editor in 3.26 ms, found 3 plugins.
Preloading 0 native plugins for Editor in 0.00 ms.
Unloading 252 Unused Serialized files (Serialized files now loaded: 0)
Unloading 6539 unused Assets / (6.9 MB). Loaded Objects now: 7314.
Memory consumption went from 284.7 MB to 277.8 MB.
Total: 16.222100 ms (FindLiveObjects: 1.261500 ms CreateObjectMapping: 1.445900 ms MarkObjects: 8.967300 ms  DeleteObjects: 4.545700 ms)

========================================================================
Received Import Request.
  Time since last request: 9735.986953 seconds.
  path: Assets/PLAYER TWO/Platformer Project/Examples/Textures/Skyboxes/-x.png
  artifactKey: Guid(0c7d6bac8d9aef24c83855732a8bd2ea) Importer(815301076,1909f56bfc062723c751e8b465ee728b)
Start importing Assets/PLAYER TWO/Platformer Project/Examples/Textures/Skyboxes/-x.png using Guid(0c7d6bac8d9aef24c83855732a8bd2ea) Importer(815301076,1909f56bfc062723c751e8b465ee728b) (PreviewImporter) -> (artifact id: '95c1a94c3c0be7672b405f6204fc0dbc') in 0.0669174 seconds
Number of updated asset objects reloaded before import = 0Number of asset objects unloaded after import = 2

========================================================================
Received Import Request.
  Time since last request: 167.140414 seconds.
  path: Assets/Quibli/Demos/Plants/Models/Generated Plants/ExamplePlant_3-MeshCarrier_04_HalfEllipsis-Take1.asset
  artifactKey: Guid(7351f6833c6644e8c8e89fe8f303fc7a) Importer(815301076,1909f56bfc062723c751e8b465ee728b)
Start importing Assets/Quibli/Demos/Plants/Models/Generated Plants/ExamplePlant_3-MeshCarrier_04_HalfEllipsis-Take1.asset using Guid(7351f6833c6644e8c8e89fe8f303fc7a) Importer(815301076,1909f56bfc062723c751e8b465ee728b) (PreviewImporter) -> (artifact id: '10cf359340597ae18b0817c82f30c599') in 0.0372134 seconds
Number of updated asset objects reloaded before import = 0Number of asset objects unloaded after import = 2

========================================================================
Received Import Request.
  Time since last request: 0.000022 seconds.
  path: Assets/Quibli/Demos/Plants/Models/Generated Plants/ExamplePlant_4-MeshCarrier_06_MballSquare-Take1.asset
  artifactKey: Guid(fdc15662c8efa4afb9fd75e86f3cbc72) Importer(815301076,1909f56bfc062723c751e8b465ee728b)
Start importing Assets/Quibli/Demos/Plants/Models/Generated Plants/ExamplePlant_4-MeshCarrier_06_MballSquare-Take1.asset using Guid(fdc15662c8efa4afb9fd75e86f3cbc72) Importer(815301076,1909f56bfc062723c751e8b465ee728b) (PreviewImporter) -> (artifact id: 'dbd72666d9b4cda1298d087c087c535f') in 0.0100242 seconds
Number of updated asset objects reloaded before import = 0Number of asset objects unloaded after import = 2

========================================================================
Received Import Request.
  Time since last request: 0.000017 seconds.
  path: Assets/Quibli/Demos/Plants/Models/Generated Plants/ExamplePlant_8-MeshCarrier_08_Drops_1-Take1.asset
  artifactKey: Guid(59a0f5a8339d14e29960209d35b85a99) Importer(815301076,1909f56bfc062723c751e8b465ee728b)
Start importing Assets/Quibli/Demos/Plants/Models/Generated Plants/ExamplePlant_8-MeshCarrier_08_Drops_1-Take1.asset using Guid(59a0f5a8339d14e29960209d35b85a99) Importer(815301076,1909f56bfc062723c751e8b465ee728b) (PreviewImporter) -> (artifact id: '0d8f11e054228f28227cddd95b2a366a') in 0.0106988 seconds
Number of updated asset objects reloaded before import = 0Number of asset objects unloaded after import = 2

========================================================================
Received Import Request.
  Time since last request: 0.000077 seconds.
  path: Assets/Quibli/Demos/[Common]/Models/_Foliage Carrier Meshes/MeshCarrier_02_NoiseSphere.fbx
  artifactKey: Guid(e05cb21fad22c41d39d0b810f0527139) Importer(815301076,1909f56bfc062723c751e8b465ee728b)
Start importing Assets/Quibli/Demos/[Common]/Models/_Foliage Carrier Meshes/MeshCarrier_02_NoiseSphere.fbx using Guid(e05cb21fad22c41d39d0b810f0527139) Importer(815301076,1909f56bfc062723c751e8b465ee728b) (PreviewImporter) -> (artifact id: '8d3114631cae50988e1b8cd9e3726b11') in 0.2367009 seconds
Number of updated asset objects reloaded before import = 0Number of asset objects unloaded after import = 18

========================================================================
Received Import Request.
  Time since last request: 0.545375 seconds.
  path: Assets/Quibli/Demos/[Common]/Models/Foliage Generator Exported Meshes/Cloud3D-MeshCarrier_06_MballSquare.asset
  artifactKey: Guid(d90642031224d47ad96e997e50dfaee1) Importer(815301076,1909f56bfc062723c751e8b465ee728b)
Start importing Assets/Quibli/Demos/[Common]/Models/Foliage Generator Exported Meshes/Cloud3D-MeshCarrier_06_MballSquare.asset using Guid(d90642031224d47ad96e997e50dfaee1) Importer(815301076,1909f56bfc062723c751e8b465ee728b) (PreviewImporter) -> (artifact id: '4d6df9fe4fc1ba2103eb5775c91ffaa1') in 0.0122613 seconds
Number of updated asset objects reloaded before import = 0Number of asset objects unloaded after import = 2

========================================================================
Received Import Request.
  Time since last request: 0.000019 seconds.
  path: Assets/Quibli/Demos/[Common]/Models/Foliage Generator Exported Meshes/Cloud3D-MeshCarrier_Cloud_02.asset
  artifactKey: Guid(ceaac3c6e801740dda3f24055c69e1bf) Importer(815301076,1909f56bfc062723c751e8b465ee728b)
Start importing Assets/Quibli/Demos/[Common]/Models/Foliage Generator Exported Meshes/Cloud3D-MeshCarrier_Cloud_02.asset using Guid(ceaac3c6e801740dda3f24055c69e1bf) Importer(815301076,1909f56bfc062723c751e8b465ee728b) (PreviewImporter) -> (artifact id: '02a46be93d3c46beb947438a82642967') in 0.0138572 seconds
Number of updated asset objects reloaded before import = 0Number of asset objects unloaded after import = 2

========================================================================
Received Import Request.
  Time since last request: 0.000018 seconds.
  path: Assets/Raygeas/Grasslands - Stylized Nature/Assets/Textures/Environment/Cart_Albedo.png
  artifactKey: Guid(fc21b823502b21e4ca68be10f11fd8f0) Importer(815301076,1909f56bfc062723c751e8b465ee728b)
Start importing Assets/Raygeas/Grasslands - Stylized Nature/Assets/Textures/Environment/Cart_Albedo.png using Guid(fc21b823502b21e4ca68be10f11fd8f0) Importer(815301076,1909f56bfc062723c751e8b465ee728b) (PreviewImporter) -> (artifact id: 'a7591309a482ed23f0880cbd561ef64b') in 0.0116828 seconds
Number of updated asset objects reloaded before import = 0Number of asset objects unloaded after import = 2

========================================================================
Received Import Request.
  Time since last request: 0.000021 seconds.
  path: Assets/Raygeas/Grasslands - Stylized Nature/Assets/Models/Environment/Cart_2.fbx
  artifactKey: Guid(9f54f426a14d8114391303a10a118d38) Importer(815301076,1909f56bfc062723c751e8b465ee728b)
Start importing Assets/Raygeas/Grasslands - Stylized Nature/Assets/Models/Environment/Cart_2.fbx using Guid(9f54f426a14d8114391303a10a118d38) Importer(815301076,1909f56bfc062723c751e8b465ee728b) (PreviewImporter) -> (artifact id: '9fe36f13a7fd0428f4b960921bd0cc9d') in 0.0270399 seconds
Number of updated asset objects reloaded before import = 0Number of asset objects unloaded after import = 21

========================================================================
Received Import Request.
  Time since last request: 0.000025 seconds.
  path: Assets/Raygeas/Grasslands - Stylized Nature/Assets/Models/Colliders/Cart_2_Collider.fbx
  artifactKey: Guid(bc499fdc06de2cd41be31a13923f2d5e) Importer(815301076,1909f56bfc062723c751e8b465ee728b)
Start importing Assets/Raygeas/Grasslands - Stylized Nature/Assets/Models/Colliders/Cart_2_Collider.fbx using Guid(bc499fdc06de2cd41be31a13923f2d5e) Importer(815301076,1909f56bfc062723c751e8b465ee728b) (PreviewImporter) -> (artifact id: 'b08b0edf2ad20754bb973400f511ba7b') in 0.0178889 seconds
Number of updated asset objects reloaded before import = 0Number of asset objects unloaded after import = 10

========================================================================
Received Import Request.
  Time since last request: 0.000034 seconds.
  path: Assets/Raygeas/Grasslands - Stylized Nature/Assets/Prefabs/Environment/Cart_2.prefab
  artifactKey: Guid(f7991212bf8af524d80a4c786766111d) Importer(815301076,1909f56bfc062723c751e8b465ee728b)
Start importing Assets/Raygeas/Grasslands - Stylized Nature/Assets/Prefabs/Environment/Cart_2.prefab using Guid(f7991212bf8af524d80a4c786766111d) Importer(815301076,1909f56bfc062723c751e8b465ee728b) (PreviewImporter) -> (artifact id: 'f11fde6bd93df1b4ab745420794380e9') in 0.0370227 seconds
Number of updated asset objects reloaded before import = 0Number of asset objects unloaded after import = 27

========================================================================
Received Import Request.
  Time since last request: 0.273618 seconds.
  path: Assets/Raygeas/Grasslands - Stylized Nature/Assets/Models/Colliders/Cart_1_Collider.fbx
  artifactKey: Guid(a521ce9954e6b7745955da3422e79f55) Importer(815301076,1909f56bfc062723c751e8b465ee728b)
Start importing Assets/Raygeas/Grasslands - Stylized Nature/Assets/Models/Colliders/Cart_1_Collider.fbx using Guid(a521ce9954e6b7745955da3422e79f55) Importer(815301076,1909f56bfc062723c751e8b465ee728b) (PreviewImporter) -> (artifact id: 'eb8542d368a6277ad1a0d7bbbf80b5a5') in 0.0153681 seconds
Number of updated asset objects reloaded before import = 0Number of asset objects unloaded after import = 10

========================================================================
Received Import Request.
  Time since last request: 0.480812 seconds.
  path: Assets/Quibli/Demos/City/Models/Car_1.fbx
  artifactKey: Guid(09e170f64325e430381c6d765ced67ae) Importer(815301076,1909f56bfc062723c751e8b465ee728b)
Start importing Assets/Quibli/Demos/City/Models/Car_1.fbx using Guid(09e170f64325e430381c6d765ced67ae) Importer(815301076,1909f56bfc062723c751e8b465ee728b) (PreviewImporter) -> (artifact id: 'f323956a2a5da9d3faaa75c7e9f9b2ce') in 0.0166625 seconds
Number of updated asset objects reloaded before import = 0Number of asset objects unloaded after import = 10

========================================================================
Received Import Request.
  Time since last request: 0.004803 seconds.
  path: Assets/Quibli/Demos/[Common]/Models/Foliage Generator Exported Meshes/BillboardBush-MeshCarrier_05_MBall-Take3.asset
  artifactKey: Guid(ffa4ffbdbeb9c4369b6c58cf3a9f7394) Importer(815301076,1909f56bfc062723c751e8b465ee728b)
Start importing Assets/Quibli/Demos/[Common]/Models/Foliage Generator Exported Meshes/BillboardBush-MeshCarrier_05_MBall-Take3.asset using Guid(ffa4ffbdbeb9c4369b6c58cf3a9f7394) Importer(815301076,1909f56bfc062723c751e8b465ee728b) (PreviewImporter) -> (artifact id: '89eaec51240e530d8c3a8fbeb8cb9504') in 0.0127212 seconds
Number of updated asset objects reloaded before import = 0Number of asset objects unloaded after import = 2

========================================================================
Received Import Request.
  Time since last request: 0.000039 seconds.
  path: Assets/Quibli/Demos/[Common]/Models/Foliage Generator Exported Meshes/BillboardBush-MeshCarrier_09_MBallBubbles-Take1.asset
  artifactKey: Guid(a610c3c6e84a041a2aec13a90f8d7132) Importer(815301076,1909f56bfc062723c751e8b465ee728b)
Start importing Assets/Quibli/Demos/[Common]/Models/Foliage Generator Exported Meshes/BillboardBush-MeshCarrier_09_MBallBubbles-Take1.asset using Guid(a610c3c6e84a041a2aec13a90f8d7132) Importer(815301076,1909f56bfc062723c751e8b465ee728b) (PreviewImporter) -> (artifact id: '5579b81c9325c6a7dddabe64c66129ca') in 0.0137631 seconds
Number of updated asset objects reloaded before import = 0Number of asset objects unloaded after import = 2

========================================================================
Received Import Request.
  Time since last request: 0.000029 seconds.
  path: Assets/Basic enter exit cars/Models/car.fbx
  artifactKey: Guid(45b93b0aea2d77c4db02051aa4d2e4b9) Importer(815301076,1909f56bfc062723c751e8b465ee728b)
Start importing Assets/Basic enter exit cars/Models/car.fbx using Guid(45b93b0aea2d77c4db02051aa4d2e4b9) Importer(815301076,1909f56bfc062723c751e8b465ee728b) (PreviewImporter) -> (artifact id: '214db7649297a8bbcf872105c8be1036') in 0.5467623 seconds
Number of updated asset objects reloaded before import = 0Number of asset objects unloaded after import = 23

========================================================================
Received Import Request.
  Time since last request: 4.508553 seconds.
  path: Assets/Quibli/Demos/[Common]/Models/_Foliage Carrier Meshes/MeshCarrier_10_SeparateSpheres.fbx
  artifactKey: Guid(b6fcd59cbe89e4d3f87330a35a2a0323) Importer(815301076,1909f56bfc062723c751e8b465ee728b)
Start importing Assets/Quibli/Demos/[Common]/Models/_Foliage Carrier Meshes/MeshCarrier_10_SeparateSpheres.fbx using Guid(b6fcd59cbe89e4d3f87330a35a2a0323) Importer(815301076,1909f56bfc062723c751e8b465ee728b) (PreviewImporter) -> (artifact id: '96c2e163fb79c1f2760a8676b4e44aa8') in 0.0160701 seconds
Number of updated asset objects reloaded before import = 0Number of asset objects unloaded after import = 10

========================================================================
Received Import Request.
  Time since last request: 0.048892 seconds.
  path: Assets/Quibli/Demos/[Common]/Models/_Foliage Carrier Meshes/MeshCarrier_12_Capsule.fbx
  artifactKey: Guid(309fdb0b3837349d2b48b7943b342f20) Importer(815301076,1909f56bfc062723c751e8b465ee728b)
Start importing Assets/Quibli/Demos/[Common]/Models/_Foliage Carrier Meshes/MeshCarrier_12_Capsule.fbx using Guid(309fdb0b3837349d2b48b7943b342f20) Importer(815301076,1909f56bfc062723c751e8b465ee728b) (PreviewImporter) -> (artifact id: 'd4a796bf88b27ff6897770512322d617') in 0.0156554 seconds
Number of updated asset objects reloaded before import = 0Number of asset objects unloaded after import = 10

========================================================================
Received Import Request.
  Time since last request: 0.020723 seconds.
  path: Assets/Quibli/Demos/[Common]/Models/_Foliage Carrier Meshes/MeshCarrier_Cloud_03.fbx
  artifactKey: Guid(195830184eec54b0b8a3f4b7bab5cc96) Importer(815301076,1909f56bfc062723c751e8b465ee728b)
Start importing Assets/Quibli/Demos/[Common]/Models/_Foliage Carrier Meshes/MeshCarrier_Cloud_03.fbx using Guid(195830184eec54b0b8a3f4b7bab5cc96) Importer(815301076,1909f56bfc062723c751e8b465ee728b) (PreviewImporter) -> (artifact id: 'a0d53f5cba6266202727d1b7bbd79c55') in 0.0149643 seconds
Number of updated asset objects reloaded before import = 0Number of asset objects unloaded after import = 10

========================================================================
Received Import Request.
  Time since last request: 0.041642 seconds.
  path: Assets/Quibli/Demos/Nature/Materials/NatureScene_Car 2.mat
  artifactKey: Guid(63363469408a640fab89d13ad2df2b5a) Importer(815301076,1909f56bfc062723c751e8b465ee728b)
Start importing Assets/Quibli/Demos/Nature/Materials/NatureScene_Car 2.mat using Guid(63363469408a640fab89d13ad2df2b5a) Importer(815301076,1909f56bfc062723c751e8b465ee728b) (PreviewImporter) -> (artifact id: 'e451fbec78bcc37ce514a368d84d9526') in 0.0399504 seconds
Number of updated asset objects reloaded before import = 0Number of asset objects unloaded after import = 4

========================================================================
Received Import Request.
  Time since last request: 0.000022 seconds.
  path: Assets/Quibli/Demos/Nature/Materials/NatureScene_Car 5.mat
  artifactKey: Guid(47832914612da440daca4ea488ccc2eb) Importer(815301076,1909f56bfc062723c751e8b465ee728b)
Start importing Assets/Quibli/Demos/Nature/Materials/NatureScene_Car 5.mat using Guid(47832914612da440daca4ea488ccc2eb) Importer(815301076,1909f56bfc062723c751e8b465ee728b) (PreviewImporter) -> (artifact id: 'b49744665fb2e606381053d723af205b') in 0.0313533 seconds
Number of updated asset objects reloaded before import = 0Number of asset objects unloaded after import = 4

========================================================================
Received Import Request.
  Time since last request: 0.000034 seconds.
  path: Assets/PLAYER TWO/Platformer Project/Examples/Prefabs/UI/Save Card.prefab
  artifactKey: Guid(f01e57a1ec758c340b167224b0974abe) Importer(815301076,1909f56bfc062723c751e8b465ee728b)
Start importing Assets/PLAYER TWO/Platformer Project/Examples/Prefabs/UI/Save Card.prefab using Guid(f01e57a1ec758c340b167224b0974abe) Importer(815301076,1909f56bfc062723c751e8b465ee728b) (PreviewImporter) -> (artifact id: '39a329ff2a035597d79977678d2551e1') in 0.0285413 seconds
Number of updated asset objects reloaded before import = 0Number of asset objects unloaded after import = 88

========================================================================
Received Import Request.
  Time since last request: 0.000028 seconds.
  path: Assets/Quibli/Demos/Nature/Materials/NatureScene_Car 3.mat
  artifactKey: Guid(4c575fae6fd704ad4ba40bb849b1aabf) Importer(815301076,1909f56bfc062723c751e8b465ee728b)
Start importing Assets/Quibli/Demos/Nature/Materials/NatureScene_Car 3.mat using Guid(4c575fae6fd704ad4ba40bb849b1aabf) Importer(815301076,1909f56bfc062723c751e8b465ee728b) (PreviewImporter) -> (artifact id: '2bbaed20930c24acc306d25671721d3e') in 0.0301839 seconds
Number of updated asset objects reloaded before import = 0Number of asset objects unloaded after import = 4

========================================================================
Received Import Request.
  Time since last request: 0.000024 seconds.
  path: Assets/Quibli/Demos/Sample Scene with Quibli/Models/Generated Bushes/SampleSceneBush-MeshCarrier_12_Capsule-Take1.asset
  artifactKey: Guid(0d7b7f00b343a46b5a2ebe238903d9cf) Importer(815301076,1909f56bfc062723c751e8b465ee728b)
Start importing Assets/Quibli/Demos/Sample Scene with Quibli/Models/Generated Bushes/SampleSceneBush-MeshCarrier_12_Capsule-Take1.asset using Guid(0d7b7f00b343a46b5a2ebe238903d9cf) Importer(815301076,1909f56bfc062723c751e8b465ee728b) (PreviewImporter) -> (artifact id: '24c473249aed089f83c807e26bbf95fd') in 0.0136616 seconds
Number of updated asset objects reloaded before import = 0Number of asset objects unloaded after import = 2

========================================================================
Received Import Request.
  Time since last request: 0.000024 seconds.
  path: Assets/Quibli/Demos/Sample Scene with Quibli/Models/Generated Bushes/SampleSceneBush-MeshCarrier_04_HalfEllipsis-Take1.asset
  artifactKey: Guid(b8b6eb893352e4eda81be435c9ba055c) Importer(815301076,1909f56bfc062723c751e8b465ee728b)
Start importing Assets/Quibli/Demos/Sample Scene with Quibli/Models/Generated Bushes/SampleSceneBush-MeshCarrier_04_HalfEllipsis-Take1.asset using Guid(b8b6eb893352e4eda81be435c9ba055c) Importer(815301076,1909f56bfc062723c751e8b465ee728b) (PreviewImporter) -> (artifact id: 'a98eb225b49c5814fdff2696eb72d5a3') in 0.0108816 seconds
Number of updated asset objects reloaded before import = 0Number of asset objects unloaded after import = 2

========================================================================
Received Import Request.
  Time since last request: 7.929928 seconds.
  path: Assets/Raygeas/Grasslands - Stylized Nature/Assets/Materials/Vegetation/Birch_Leaves.mat
  artifactKey: Guid(16c0793c4f774004ea6882bfa0330669) Importer(815301076,1909f56bfc062723c751e8b465ee728b)
Start importing Assets/Raygeas/Grasslands - Stylized Nature/Assets/Materials/Vegetation/Birch_Leaves.mat using Guid(16c0793c4f774004ea6882bfa0330669) Importer(815301076,1909f56bfc062723c751e8b465ee728b) (PreviewImporter) -> (artifact id: '1a9685dc9a407c73e0a7f59dcad653c9') in 0.0139411 seconds
Number of updated asset objects reloaded before import = 0Number of asset objects unloaded after import = 5

========================================================================
Received Import Request.
  Time since last request: 0.000022 seconds.
  path: Assets/Raygeas/Grasslands - Stylized Nature/Assets/Materials/Vegetation/Broadleaf_Leaves.mat
  artifactKey: Guid(5b5b16bdb69d5834caf011ec2cb5301b) Importer(815301076,1909f56bfc062723c751e8b465ee728b)
Start importing Assets/Raygeas/Grasslands - Stylized Nature/Assets/Materials/Vegetation/Broadleaf_Leaves.mat using Guid(5b5b16bdb69d5834caf011ec2cb5301b) Importer(815301076,1909f56bfc062723c751e8b465ee728b) (PreviewImporter) -> (artifact id: '260d35a62a424189ceade8e0f96e835e') in 0.013324 seconds
Number of updated asset objects reloaded before import = 0Number of asset objects unloaded after import = 5

========================================================================
Received Import Request.
  Time since last request: 0.000025 seconds.
  path: Assets/Quibli/Demos/Sample Scene with Quibli/Models/[3rdParty] Ellen/Ellen Textures/Ellen_Eye_Albedo_Converted.png
  artifactKey: Guid(208cc92001a404ecc855178a8917a23a) Importer(815301076,1909f56bfc062723c751e8b465ee728b)
Start importing Assets/Quibli/Demos/Sample Scene with Quibli/Models/[3rdParty] Ellen/Ellen Textures/Ellen_Eye_Albedo_Converted.png using Guid(208cc92001a404ecc855178a8917a23a) Importer(815301076,1909f56bfc062723c751e8b465ee728b) (PreviewImporter) -> (artifact id: 'a3a5f03cd33d144522f57e253685c2a0') in 0.0177791 seconds
Number of updated asset objects reloaded before import = 0Number of asset objects unloaded after import = 2

========================================================================
Received Import Request.
  Time since last request: 36.845534 seconds.
  path: Assets/Quibli/Demos/Nature/Models/NatureScene_FenceStick.fbx
  artifactKey: Guid(5a1526ec985cc40258b04c4649603953) Importer(815301076,1909f56bfc062723c751e8b465ee728b)
Start importing Assets/Quibli/Demos/Nature/Models/NatureScene_FenceStick.fbx using Guid(5a1526ec985cc40258b04c4649603953) Importer(815301076,1909f56bfc062723c751e8b465ee728b) (PreviewImporter) -> (artifact id: 'f8e5ef6e065e429a7e4722d68068e7ac') in 0.0154589 seconds
Number of updated asset objects reloaded before import = 0Number of asset objects unloaded after import = 10

========================================================================
Received Import Request.
  Time since last request: 0.000021 seconds.
  path: Assets/Quibli/Demos/Nature/Models/NatureScene_Rock_Simple.fbx
  artifactKey: Guid(fafc3531b3a2e49f6aaacd01d50afb39) Importer(815301076,1909f56bfc062723c751e8b465ee728b)
Start importing Assets/Quibli/Demos/Nature/Models/NatureScene_Rock_Simple.fbx using Guid(fafc3531b3a2e49f6aaacd01d50afb39) Importer(815301076,1909f56bfc062723c751e8b465ee728b) (PreviewImporter) -> (artifact id: '312e59229f7ad2f78a51d85329120447') in 0.0139266 seconds
Number of updated asset objects reloaded before import = 0Number of asset objects unloaded after import = 10

========================================================================
Received Import Request.
  Time since last request: 13.923755 seconds.
  path: Assets/Quibli/Demos/Nature/Materials/NatureScene_BIllboardBush_01 3-Medium.mat
  artifactKey: Guid(525497b0965b6499eb562c2ec3036ad0) Importer(815301076,1909f56bfc062723c751e8b465ee728b)
Start importing Assets/Quibli/Demos/Nature/Materials/NatureScene_BIllboardBush_01 3-Medium.mat using Guid(525497b0965b6499eb562c2ec3036ad0) Importer(815301076,1909f56bfc062723c751e8b465ee728b) (PreviewImporter) -> (artifact id: '43c0fc961474ce8b18d181c19c40b7e6') in 0.0236788 seconds
Number of updated asset objects reloaded before import = 0Number of asset objects unloaded after import = 6

========================================================================
Received Import Request.
  Time since last request: 0.000024 seconds.
  path: Assets/Quibli/Demos/Nature/Materials/NatureScene_BillboardBush_01 8.mat
  artifactKey: Guid(bead49387c4574893addf631d4cdfddd) Importer(815301076,1909f56bfc062723c751e8b465ee728b)
Start importing Assets/Quibli/Demos/Nature/Materials/NatureScene_BillboardBush_01 8.mat using Guid(bead49387c4574893addf631d4cdfddd) Importer(815301076,1909f56bfc062723c751e8b465ee728b) (PreviewImporter) -> (artifact id: 'a59e152c519c9e105ab4a2d59b1701f7') in 0.0146324 seconds
Number of updated asset objects reloaded before import = 0Number of asset objects unloaded after import = 6

========================================================================
Received Import Request.
  Time since last request: 0.000024 seconds.
  path: Assets/Quibli/Demos/Nature/Materials/NatureScene_Ground.mat
  artifactKey: Guid(4dfe776b8d22b4e7b88dcc703d545a01) Importer(815301076,1909f56bfc062723c751e8b465ee728b)
Start importing Assets/Quibli/Demos/Nature/Materials/NatureScene_Ground.mat using Guid(4dfe776b8d22b4e7b88dcc703d545a01) Importer(815301076,1909f56bfc062723c751e8b465ee728b) (PreviewImporter) -> (artifact id: 'b902c15d28446c7cc7e0089407664dc9') in 0.0343792 seconds
Number of updated asset objects reloaded before import = 0Number of asset objects unloaded after import = 6

========================================================================
Received Import Request.
  Time since last request: 0.000027 seconds.
  path: Assets/Quibli/Demos/Nature/Materials/NatureScene_Pole 3.mat
  artifactKey: Guid(54f1d68280c1941f2b93ff899ac519d2) Importer(815301076,1909f56bfc062723c751e8b465ee728b)
Start importing Assets/Quibli/Demos/Nature/Materials/NatureScene_Pole 3.mat using Guid(54f1d68280c1941f2b93ff899ac519d2) Importer(815301076,1909f56bfc062723c751e8b465ee728b) (PreviewImporter) -> (artifact id: '6e62b3977a8050bd194f683d00cf036d') in 0.4983536 seconds
Number of updated asset objects reloaded before import = 0Number of asset objects unloaded after import = 4

========================================================================
Received Import Request.
  Time since last request: 0.209545 seconds.
  path: Assets/Quibli/Demos/Nature/Materials/NatureScene_Tree_Trunk.mat
  artifactKey: Guid(54569db202b9d4e438966874631786e6) Importer(815301076,1909f56bfc062723c751e8b465ee728b)
Start importing Assets/Quibli/Demos/Nature/Materials/NatureScene_Tree_Trunk.mat using Guid(54569db202b9d4e438966874631786e6) Importer(815301076,1909f56bfc062723c751e8b465ee728b) (PreviewImporter) -> (artifact id: '2f3665a7996f1e9fae85924f46266924') in 0.3969861 seconds
Number of updated asset objects reloaded before import = 0Number of asset objects unloaded after import = 4

========================================================================
Received Prepare
Begin MonoManager ReloadAssembly
C:\build\output\Unity-Technologies\mono\mono\metadata\icall.c:1842:
C:\build\output\Unity-Technologies\mono\mono\metadata\icall.c:1842:
C:\build\output\Unity-Technologies\mono\mono\metadata\icall.c:1842:
C:\build\output\Unity-Technologies\mono\mono\metadata\icall.c:1842:
C:\build\output\Unity-Technologies\mono\mono\metadata\icall.c:1842:
C:\build\output\Unity-Technologies\mono\mono\metadata\icall.c:1842:
C:\build\output\Unity-Technologies\mono\mono\metadata\icall.c:1842:
C:\build\output\Unity-Technologies\mono\mono\metadata\icall.c:1842:
C:\build\output\Unity-Technologies\mono\mono\metadata\icall.c:1842:
C:\build\output\Unity-Technologies\mono\mono\metadata\icall.c:1842:
C:\build\output\Unity-Technologies\mono\mono\metadata\icall.c:1842:
C:\build\output\Unity-Technologies\mono\mono\metadata\icall.c:1842:
Symbol file LoadedFromMemory doesn't match image H:\Unity\Chuchu-alba\Library\PackageCache\com.unity.visualscripting@1.8.0\Editor\VisualScripting.Core\Dependencies\YamlDotNet\Unity.VisualScripting.YamlDotNet.dll
Symbol file LoadedFromMemory doesn't match image H:\Unity\Chuchu-alba\Library\PackageCache\com.unity.visualscripting@1.8.0\Editor\VisualScripting.Core\Dependencies\DotNetZip\Unity.VisualScripting.IonicZip.dll
- Loaded All Assemblies, in  0.595 seconds
Refreshing native plugins compatible for Editor in 1.52 ms, found 3 plugins.
Native extension for UWP target not found
Native extension for WindowsStandalone target not found
Native extension for WebGL target not found
Mono: successfully reloaded assembly
[Package Manager] Failed to launch server process. Reason: Unity was launched with the -noUpm command-line argument
[Package Manager] Unable to send message (not connected to server process).
[Package Manager] Cannot connect to Unity Package Manager local server
- Finished resetting the current domain, in  0.788 seconds
Domain Reload Profiling: 1382ms
	BeginReloadAssembly (178ms)
		ExecutionOrderSort (0ms)
		DisableScriptedObjects (10ms)
		BackupInstance (0ms)
		ReleaseScriptingObjects (0ms)
		CreateAndSetChildDomain (53ms)
	RebuildCommonClasses (28ms)
	RebuildNativeTypeToScriptingClass (10ms)
	initialDomainReloadingComplete (23ms)
	LoadAllAssembliesAndSetupDomain (356ms)
		LoadAssemblies (272ms)
		RebuildTransferFunctionScriptingTraits (0ms)
		AnalyzeDomain (159ms)
			TypeCache.Refresh (6ms)
				TypeCache.ScanAssembly (0ms)
			BuildScriptInfoCaches (139ms)
			ResolveRequiredComponents (10ms)
	FinalizeReload (788ms)
		ReleaseScriptCaches (0ms)
		RebuildScriptCaches (0ms)
		SetupLoadedEditorAssemblies (582ms)
			LogAssemblyErrors (0ms)
			InitializePlatformSupportModulesInManaged (11ms)
			SetLoadedEditorAssemblies (3ms)
			BeforeProcessingInitializeOnLoad (52ms)
			ProcessInitializeOnLoadAttributes (470ms)
			ProcessInitializeOnLoadMethodAttributes (37ms)
			AfterProcessingInitializeOnLoad (8ms)
			EditorAssembliesLoaded (0ms)
		ExecutionOrderSort2 (0ms)
		AwakeInstancesAfterBackupRestoration (22ms)
Refreshing native plugins compatible for Editor in 3.73 ms, found 3 plugins.
Preloading 0 native plugins for Editor in 0.00 ms.
Unloading 41 Unused Serialized files (Serialized files now loaded: 0)
Unloading 6537 unused Assets / (6.8 MB). Loaded Objects now: 7396.
Memory consumption went from 254.0 MB to 247.2 MB.
Total: 18.201000 ms (FindLiveObjects: 1.313100 ms CreateObjectMapping: 1.590000 ms MarkObjects: 10.497000 ms  DeleteObjects: 4.799600 ms)

Prepare: number of updated asset objects reloaded= 0
========================================================================
Received Prepare
Begin MonoManager ReloadAssembly
C:\build\output\Unity-Technologies\mono\mono\metadata\icall.c:1842:
C:\build\output\Unity-Technologies\mono\mono\metadata\icall.c:1842:
C:\build\output\Unity-Technologies\mono\mono\metadata\icall.c:1842:
C:\build\output\Unity-Technologies\mono\mono\metadata\icall.c:1842:
C:\build\output\Unity-Technologies\mono\mono\metadata\icall.c:1842:
C:\build\output\Unity-Technologies\mono\mono\metadata\icall.c:1842:
C:\build\output\Unity-Technologies\mono\mono\metadata\icall.c:1842:
C:\build\output\Unity-Technologies\mono\mono\metadata\icall.c:1842:
C:\build\output\Unity-Technologies\mono\mono\metadata\icall.c:1842:
C:\build\output\Unity-Technologies\mono\mono\metadata\icall.c:1842:
C:\build\output\Unity-Technologies\mono\mono\metadata\icall.c:1842:
C:\build\output\Unity-Technologies\mono\mono\metadata\icall.c:1842:
Symbol file LoadedFromMemory doesn't match image H:\Unity\Chuchu-alba\Library\PackageCache\com.unity.visualscripting@1.8.0\Editor\VisualScripting.Core\Dependencies\YamlDotNet\Unity.VisualScripting.YamlDotNet.dll
Symbol file LoadedFromMemory doesn't match image H:\Unity\Chuchu-alba\Library\PackageCache\com.unity.visualscripting@1.8.0\Editor\VisualScripting.Core\Dependencies\DotNetZip\Unity.VisualScripting.IonicZip.dll
- Loaded All Assemblies, in  0.580 seconds
Refreshing native plugins compatible for Editor in 1.69 ms, found 3 plugins.
Native extension for UWP target not found
Native extension for WindowsStandalone target not found
Native extension for WebGL target not found
Mono: successfully reloaded assembly
[Package Manager] Failed to launch server process. Reason: Unity was launched with the -noUpm command-line argument
[Package Manager] Unable to send message (not connected to server process).
[Package Manager] Cannot connect to Unity Package Manager local server
- Finished resetting the current domain, in  0.777 seconds
Domain Reload Profiling: 1357ms
	BeginReloadAssembly (166ms)
		ExecutionOrderSort (0ms)
		DisableScriptedObjects (4ms)
		BackupInstance (0ms)
		ReleaseScriptingObjects (0ms)
		CreateAndSetChildDomain (45ms)
	RebuildCommonClasses (28ms)
	RebuildNativeTypeToScriptingClass (10ms)
	initialDomainReloadingComplete (24ms)
	LoadAllAssembliesAndSetupDomain (352ms)
		LoadAssemblies (275ms)
		RebuildTransferFunctionScriptingTraits (0ms)
		AnalyzeDomain (156ms)
			TypeCache.Refresh (6ms)
				TypeCache.ScanAssembly (0ms)
			BuildScriptInfoCaches (137ms)
			ResolveRequiredComponents (10ms)
	FinalizeReload (778ms)
		ReleaseScriptCaches (0ms)
		RebuildScriptCaches (0ms)
		SetupLoadedEditorAssemblies (570ms)
			LogAssemblyErrors (0ms)
			InitializePlatformSupportModulesInManaged (10ms)
			SetLoadedEditorAssemblies (3ms)
			BeforeProcessingInitializeOnLoad (52ms)
			ProcessInitializeOnLoadAttributes (462ms)
			ProcessInitializeOnLoadMethodAttributes (35ms)
			AfterProcessingInitializeOnLoad (9ms)
			EditorAssembliesLoaded (0ms)
		ExecutionOrderSort2 (0ms)
		AwakeInstancesAfterBackupRestoration (24ms)
Refreshing native plugins compatible for Editor in 3.27 ms, found 3 plugins.
Preloading 0 native plugins for Editor in 0.00 ms.
Unloading 31 Unused Serialized files (Serialized files now loaded: 0)
Unloading 6537 unused Assets / (6.7 MB). Loaded Objects now: 7396.
Memory consumption went from 254.5 MB to 247.8 MB.
Total: 17.214100 ms (FindLiveObjects: 1.336400 ms CreateObjectMapping: 1.661200 ms MarkObjects: 9.494900 ms  DeleteObjects: 4.720300 ms)

Prepare: number of updated asset objects reloaded= 0
