Using pre-set license
Built from '2023.2/staging' branch; Version is '2023.2.18f1 (1cb755715f58) revision 1881941'; Using compiler version '193431935'; Build Type 'Release'
OS: 'Windows 10  (10.0.19045) 64bit Professional' Language: 'es' Physical Memory: 32699 MB
BatchMode: 1, IsHumanControllingUs: 0, StartBugReporterOnCrash: 0, Is64bit: 1, IsPro: 1

COMMAND LINE ARGUMENTS:
D:\Programas cole\Unity\2023.2.18f1\Editor\Unity.exe
-adb2
-batchMode
-noUpm
-name
AssetImportWorker5
-projectPath
D:/Unity proyectos/Juego tren/Chuchu-alba
-logFile
Logs/AssetImportWorker5.log
-srvPort
60478
-job-worker-count
7
-background-job-worker-count
8
-asset-garbage-collectors
1
Successfully changed project path to: D:/Unity proyectos/Juego tren/Chuchu-alba
D:/Unity proyectos/Juego tren/Chuchu-alba
[UnityMemory] Configuration Parameters - Can be set up in boot.config
    "memorysetup-bucket-allocator-granularity=16"
    "memorysetup-bucket-allocator-bucket-count=8"
    "memorysetup-bucket-allocator-block-size=33554432"
    "memorysetup-bucket-allocator-block-count=8"
    "memorysetup-main-allocator-block-size=16777216"
    "memorysetup-thread-allocator-block-size=16777216"
    "memorysetup-gfx-main-allocator-block-size=16777216"
    "memorysetup-gfx-thread-allocator-block-size=16777216"
    "memorysetup-cache-allocator-block-size=4194304"
    "memorysetup-typetree-allocator-block-size=2097152"
    "memorysetup-profiler-bucket-allocator-granularity=16"
    "memorysetup-profiler-bucket-allocator-bucket-count=8"
    "memorysetup-profiler-bucket-allocator-block-size=33554432"
    "memorysetup-profiler-bucket-allocator-block-count=8"
    "memorysetup-profiler-allocator-block-size=16777216"
    "memorysetup-profiler-editor-allocator-block-size=1048576"
    "memorysetup-temp-allocator-size-main=16777216"
    "memorysetup-job-temp-allocator-block-size=2097152"
    "memorysetup-job-temp-allocator-block-size-background=1048576"
    "memorysetup-job-temp-allocator-reduction-small-platforms=262144"
    "memorysetup-allocator-temp-initial-block-size-main=262144"
    "memorysetup-allocator-temp-initial-block-size-worker=262144"
    "memorysetup-temp-allocator-size-background-worker=32768"
    "memorysetup-temp-allocator-size-job-worker=262144"
    "memorysetup-temp-allocator-size-preload-manager=33554432"
    "memorysetup-temp-allocator-size-nav-mesh-worker=65536"
    "memorysetup-temp-allocator-size-audio-worker=65536"
    "memorysetup-temp-allocator-size-cloud-worker=32768"
    "memorysetup-temp-allocator-size-gi-baking-worker=262144"
    "memorysetup-temp-allocator-size-gi-baking-worker=262144"
    "memorysetup-temp-allocator-size-gi-baking-worker=262144"
    "memorysetup-temp-allocator-size-gi-baking-worker=262144"
    "memorysetup-temp-allocator-size-gfx=262144"
Player connection [24292] Host "[IP] 192.168.0.105 [Port] 0 [Flags] 2 [Guid] 1875941031 [EditorId] 1875941031 [Version] 1048832 [Id] WindowsEditor(7,DESKTOP-PE8U79O) [Debug] 1 [PackageName] WindowsEditor [ProjectName] Editor" joined multi-casting on [225.0.0.222:54997]...
Player connection [24292] Host "[IP] 192.168.0.105 [Port] 0 [Flags] 2 [Guid] 1875941031 [EditorId] 1875941031 [Version] 1048832 [Id] WindowsEditor(7,DESKTOP-PE8U79O) [Debug] 1 [PackageName] WindowsEditor [ProjectName] Editor" joined alternative multi-casting on [225.0.0.222:34997]...
JobSystem: Creating JobQueue using job-worker-count value 7
[Physics::Module] Initialized MultithreadedJobDispatcher with 7 workers.
Library Redirect Path: Library/
Refreshing native plugins compatible for Editor in 6.18 ms, found 3 plugins.
Preloading 0 native plugins for Editor in 0.00 ms.
Initialize engine version: 2023.2.18f1 (1cb755715f58)
[Subsystems] Discovering subsystems at path D:/Programas cole/Unity/2023.2.18f1/Editor/Data/Resources/UnitySubsystems
[Subsystems] Discovering subsystems at path D:/Unity proyectos/Juego tren/Chuchu-alba/Assets
GfxDevice: creating device client; kGfxThreadingModeNonThreaded
Direct3D:
    Version:  Direct3D 11.0 [level 11.1]
    Renderer: NVIDIA GeForce GTX 1660 SUPER (ID=0x21c4)
    Vendor:   NVIDIA
    VRAM:     5966 MB
    Driver:   31.0.15.5123
Initialize mono
Mono path[0] = 'D:/Programas cole/Unity/2023.2.18f1/Editor/Data/Managed'
Mono path[1] = 'D:/Programas cole/Unity/2023.2.18f1/Editor/Data/MonoBleedingEdge/lib/mono/unityjit-win32'
Mono config path = 'D:/Programas cole/Unity/2023.2.18f1/Editor/Data/MonoBleedingEdge/etc'
Using monoOptions --debugger-agent=transport=dt_socket,embedding=1,server=y,suspend=n,address=127.0.0.1:56036
Begin MonoManager ReloadAssembly
C:\build\output\Unity-Technologies\mono\mono\metadata\icall.c:1842:
C:\build\output\Unity-Technologies\mono\mono\metadata\icall.c:1842:
C:\build\output\Unity-Technologies\mono\mono\metadata\icall.c:1842:
C:\build\output\Unity-Technologies\mono\mono\metadata\icall.c:1842:
C:\build\output\Unity-Technologies\mono\mono\metadata\icall.c:1842:
C:\build\output\Unity-Technologies\mono\mono\metadata\icall.c:1842:
C:\build\output\Unity-Technologies\mono\mono\metadata\icall.c:1842:
C:\build\output\Unity-Technologies\mono\mono\metadata\icall.c:1842:
C:\build\output\Unity-Technologies\mono\mono\metadata\icall.c:1842:
C:\build\output\Unity-Technologies\mono\mono\metadata\icall.c:1842:
Registering precompiled unity dll's ...
Register platform support module: D:/Programas cole/Unity/2023.2.18f1/Editor/Data/PlaybackEngines/WindowsStandaloneSupport/UnityEditor.WindowsStandalone.Extensions.dll
Registered in 0.004516 seconds.
- Loaded All Assemblies, in  0.670 seconds
Native extension for WindowsStandalone target not found
Mono: successfully reloaded assembly
C:\build\output\Unity-Technologies\mono\mono\metadata\icall.c:1842:
C:\build\output\Unity-Technologies\mono\mono\metadata\icall.c:1842:
- Finished resetting the current domain, in  0.467 seconds
Domain Reload Profiling: 1135ms
	BeginReloadAssembly (253ms)
		ExecutionOrderSort (0ms)
		DisableScriptedObjects (0ms)
		BackupInstance (0ms)
		ReleaseScriptingObjects (0ms)
		CreateAndSetChildDomain (1ms)
	RebuildCommonClasses (59ms)
	RebuildNativeTypeToScriptingClass (21ms)
	initialDomainReloadingComplete (70ms)
	LoadAllAssembliesAndSetupDomain (265ms)
		LoadAssemblies (251ms)
		RebuildTransferFunctionScriptingTraits (0ms)
		AnalyzeDomain (261ms)
			TypeCache.Refresh (258ms)
				TypeCache.ScanAssembly (237ms)
			BuildScriptInfoCaches (0ms)
			ResolveRequiredComponents (1ms)
	FinalizeReload (467ms)
		ReleaseScriptCaches (0ms)
		RebuildScriptCaches (0ms)
		SetupLoadedEditorAssemblies (372ms)
			LogAssemblyErrors (0ms)
			InitializePlatformSupportModulesInManaged (13ms)
			SetLoadedEditorAssemblies (7ms)
			BeforeProcessingInitializeOnLoad (7ms)
			ProcessInitializeOnLoadAttributes (283ms)
			ProcessInitializeOnLoadMethodAttributes (62ms)
			AfterProcessingInitializeOnLoad (0ms)
			EditorAssembliesLoaded (0ms)
		ExecutionOrderSort2 (0ms)
		AwakeInstancesAfterBackupRestoration (0ms)
========================================================================
Worker process is ready to serve import requests
Import Worker Mode flag is 0x00
Begin MonoManager ReloadAssembly
C:\build\output\Unity-Technologies\mono\mono\metadata\icall.c:1842:
C:\build\output\Unity-Technologies\mono\mono\metadata\icall.c:1842:
C:\build\output\Unity-Technologies\mono\mono\metadata\icall.c:1842:
C:\build\output\Unity-Technologies\mono\mono\metadata\icall.c:1842:
C:\build\output\Unity-Technologies\mono\mono\metadata\icall.c:1842:
C:\build\output\Unity-Technologies\mono\mono\metadata\icall.c:1842:
C:\build\output\Unity-Technologies\mono\mono\metadata\icall.c:1842:
C:\build\output\Unity-Technologies\mono\mono\metadata\icall.c:1842:
C:\build\output\Unity-Technologies\mono\mono\metadata\icall.c:1842:
C:\build\output\Unity-Technologies\mono\mono\metadata\icall.c:1842:
C:\build\output\Unity-Technologies\mono\mono\metadata\icall.c:1842:
C:\build\output\Unity-Technologies\mono\mono\metadata\icall.c:1842:
Symbol file LoadedFromMemory doesn't match image D:\Unity proyectos\Juego tren\Chuchu-alba\Library\PackageCache\com.unity.visualscripting@1.8.0\Editor\VisualScripting.Core\Dependencies\YamlDotNet\Unity.VisualScripting.YamlDotNet.dll
Symbol file LoadedFromMemory doesn't match image D:\Unity proyectos\Juego tren\Chuchu-alba\Library\PackageCache\com.unity.visualscripting@1.8.0\Editor\VisualScripting.Core\Dependencies\DotNetZip\Unity.VisualScripting.IonicZip.dll
- Loaded All Assemblies, in  1.398 seconds
Refreshing native plugins compatible for Editor in 4.01 ms, found 3 plugins.
Native extension for WindowsStandalone target not found
Mono: successfully reloaded assembly
Package Manager log level set to [2]
[Package Manager] Failed to launch server process. Reason: Unity was launched with the -noUpm command-line argument
[Package Manager] Unable to send message (not connected to server process).
[Package Manager] Cannot connect to Unity Package Manager local server
[Package Manager] Failed to launch server process. Reason: Unity was launched with the -noUpm command-line argument
[Package Manager] Unable to send message (not connected to server process).
[Package Manager] Cannot connect to Unity Package Manager local server
- Finished resetting the current domain, in  1.144 seconds
Domain Reload Profiling: 2538ms
	BeginReloadAssembly (522ms)
		ExecutionOrderSort (0ms)
		DisableScriptedObjects (7ms)
		BackupInstance (0ms)
		ReleaseScriptingObjects (0ms)
		CreateAndSetChildDomain (38ms)
	RebuildCommonClasses (52ms)
	RebuildNativeTypeToScriptingClass (16ms)
	initialDomainReloadingComplete (52ms)
	LoadAllAssembliesAndSetupDomain (751ms)
		LoadAssemblies (545ms)
		RebuildTransferFunctionScriptingTraits (0ms)
		AnalyzeDomain (378ms)
			TypeCache.Refresh (302ms)
				TypeCache.ScanAssembly (280ms)
			BuildScriptInfoCaches (55ms)
			ResolveRequiredComponents (16ms)
	FinalizeReload (1145ms)
		ReleaseScriptCaches (0ms)
		RebuildScriptCaches (0ms)
		SetupLoadedEditorAssemblies (796ms)
			LogAssemblyErrors (0ms)
			InitializePlatformSupportModulesInManaged (3ms)
			SetLoadedEditorAssemblies (4ms)
			BeforeProcessingInitializeOnLoad (93ms)
			ProcessInitializeOnLoadAttributes (631ms)
			ProcessInitializeOnLoadMethodAttributes (61ms)
			AfterProcessingInitializeOnLoad (4ms)
			EditorAssembliesLoaded (0ms)
		ExecutionOrderSort2 (0ms)
		AwakeInstancesAfterBackupRestoration (11ms)
Launched and connected shader compiler UnityShaderCompiler.exe after 0.01 seconds
Refreshing native plugins compatible for Editor in 5.52 ms, found 3 plugins.
Preloading 0 native plugins for Editor in 0.00 ms.
Unloading 240 Unused Serialized files (Serialized files now loaded: 0)
Unloading 6539 unused Assets / (7.4 MB). Loaded Objects now: 7278.
Memory consumption went from 280.0 MB to 272.6 MB.
Total: 22.896400 ms (FindLiveObjects: 1.718600 ms CreateObjectMapping: 2.220800 ms MarkObjects: 11.082900 ms  DeleteObjects: 7.871100 ms)

========================================================================
Received Import Request.
  Time since last request: 109740.410299 seconds.
  path: Assets/Raygeas/Grasslands - Stylized Nature/Assets/Prefabs/Other/Mountain_2.prefab
  artifactKey: Guid(3103dfec50068ab40b1523ccd48cf516) Importer(815301076,1909f56bfc062723c751e8b465ee728b)
Start importing Assets/Raygeas/Grasslands - Stylized Nature/Assets/Prefabs/Other/Mountain_2.prefab using Guid(3103dfec50068ab40b1523ccd48cf516) Importer(815301076,1909f56bfc062723c751e8b465ee728b) (PreviewImporter) -> (artifact id: '2f412348a1874d62e594a7189b31aafa') in 0.4876797 seconds
Number of updated asset objects reloaded before import = 0Number of asset objects unloaded after import = 21

========================================================================
Received Import Request.
  Time since last request: 59.675757 seconds.
  path: Assets/Raygeas/Grasslands - Stylized Nature/Assets/Prefabs/Environment/Arch_3.prefab
  artifactKey: Guid(accdd09e366611f4c9de25085cd79df4) Importer(815301076,1909f56bfc062723c751e8b465ee728b)
Start importing Assets/Raygeas/Grasslands - Stylized Nature/Assets/Prefabs/Environment/Arch_3.prefab using Guid(accdd09e366611f4c9de25085cd79df4) Importer(815301076,1909f56bfc062723c751e8b465ee728b) (PreviewImporter) -> (artifact id: '8a5f05c9afb7e67bb7cac9c934fe8b9d') in 0.08665 seconds
Number of updated asset objects reloaded before import = 0Number of asset objects unloaded after import = 97

========================================================================
Received Import Request.
  Time since last request: 0.000039 seconds.
  path: Assets/Raygeas/Grasslands - Stylized Nature/Assets/Prefabs/Environment/Bridge.prefab
  artifactKey: Guid(0da9892804b6c5a4b9457ea2de2a3ba3) Importer(815301076,1909f56bfc062723c751e8b465ee728b)
Start importing Assets/Raygeas/Grasslands - Stylized Nature/Assets/Prefabs/Environment/Bridge.prefab using Guid(0da9892804b6c5a4b9457ea2de2a3ba3) Importer(815301076,1909f56bfc062723c751e8b465ee728b) (PreviewImporter) -> (artifact id: 'b80ed8adac7e0e42b2741b47f3570e67') in 0.0385985 seconds
Number of updated asset objects reloaded before import = 0Number of asset objects unloaded after import = 27

========================================================================
Received Import Request.
  Time since last request: 0.000040 seconds.
  path: Assets/Raygeas/Grasslands - Stylized Nature/Assets/Prefabs/Environment/Gold.prefab
  artifactKey: Guid(bf1b6977d91e64f4d97ebe5917ac5100) Importer(815301076,1909f56bfc062723c751e8b465ee728b)
Start importing Assets/Raygeas/Grasslands - Stylized Nature/Assets/Prefabs/Environment/Gold.prefab using Guid(bf1b6977d91e64f4d97ebe5917ac5100) Importer(815301076,1909f56bfc062723c751e8b465ee728b) (PreviewImporter) -> (artifact id: '4987d0cd42c48564e40ab06e4a259237') in 0.0307605 seconds
Number of updated asset objects reloaded before import = 0Number of asset objects unloaded after import = 21

========================================================================
Received Import Request.
  Time since last request: 0.000050 seconds.
  path: Assets/Raygeas/Grasslands - Stylized Nature/Assets/Prefabs/Environment/Vase_3.prefab
  artifactKey: Guid(b4dffa62974ef3843904e8c26f1a893f) Importer(815301076,1909f56bfc062723c751e8b465ee728b)
Start importing Assets/Raygeas/Grasslands - Stylized Nature/Assets/Prefabs/Environment/Vase_3.prefab using Guid(b4dffa62974ef3843904e8c26f1a893f) Importer(815301076,1909f56bfc062723c751e8b465ee728b) (PreviewImporter)Refreshing native plugins compatible for Editor in 4.89 ms, found 3 plugins.
Preloading 0 native plugins for Editor in 0.00 ms.
 -> (artifact id: '25939349be39b5cf12a0c507c47d91bb') in 0.1377317 seconds
Number of updated asset objects reloaded before import = 0Number of asset objects unloaded after import = 59

========================================================================
Received Import Request.
  Time since last request: 0.000025 seconds.
  path: Assets/Raygeas/Grasslands - Stylized Nature/Assets/Prefabs/Environment/Box.prefab
  artifactKey: Guid(5b8ddfeba439ca14db738e99e0a87da7) Importer(815301076,1909f56bfc062723c751e8b465ee728b)
Start importing Assets/Raygeas/Grasslands - Stylized Nature/Assets/Prefabs/Environment/Box.prefab using Guid(5b8ddfeba439ca14db738e99e0a87da7) Importer(815301076,1909f56bfc062723c751e8b465ee728b) (PreviewImporter) -> (artifact id: '4e598e5dfd996d82b34918e1d3cea8f1') in 1.1889956 seconds
Number of updated asset objects reloaded before import = 0Number of asset objects unloaded after import = 26

========================================================================
Received Import Request.
  Time since last request: 0.000037 seconds.
  path: Assets/Raygeas/Grasslands - Stylized Nature/Assets/Prefabs/Environment/Vase_1.prefab
  artifactKey: Guid(1d7c4ad01e8c3f6468bf536c59c47578) Importer(815301076,1909f56bfc062723c751e8b465ee728b)
Start importing Assets/Raygeas/Grasslands - Stylized Nature/Assets/Prefabs/Environment/Vase_1.prefab using Guid(1d7c4ad01e8c3f6468bf536c59c47578) Importer(815301076,1909f56bfc062723c751e8b465ee728b) (PreviewImporter)Refreshing native plugins compatible for Editor in 5.46 ms, found 3 plugins.
Preloading 0 native plugins for Editor in 0.00 ms.
 -> (artifact id: '6ef7f9fb164ec83e4c00e0d9f7516691') in 0.0349281 seconds
Number of updated asset objects reloaded before import = 0Number of asset objects unloaded after import = 59

========================================================================
Received Import Request.
  Time since last request: 0.000048 seconds.
  path: Assets/Raygeas/Grasslands - Stylized Nature/Assets/Prefabs/Environment/Vase_2.prefab
  artifactKey: Guid(538ff921625f75e439223888ecfb9bc2) Importer(815301076,1909f56bfc062723c751e8b465ee728b)
Start importing Assets/Raygeas/Grasslands - Stylized Nature/Assets/Prefabs/Environment/Vase_2.prefab using Guid(538ff921625f75e439223888ecfb9bc2) Importer(815301076,1909f56bfc062723c751e8b465ee728b) (PreviewImporter)Refreshing native plugins compatible for Editor in 6.12 ms, found 3 plugins.
Preloading 0 native plugins for Editor in 0.00 ms.
 -> (artifact id: '0cc65c8744ff6f7530b3cc4f5f8a7218') in 0.0354409 seconds
Number of updated asset objects reloaded before import = 0Number of asset objects unloaded after import = 59

========================================================================
Received Import Request.
  Time since last request: 0.000046 seconds.
  path: Assets/Raygeas/Grasslands - Stylized Nature/Assets/Prefabs/Environment/Column_4.prefab
  artifactKey: Guid(3509cc298abc88947a6039b32df1582e) Importer(815301076,1909f56bfc062723c751e8b465ee728b)
Start importing Assets/Raygeas/Grasslands - Stylized Nature/Assets/Prefabs/Environment/Column_4.prefab using Guid(3509cc298abc88947a6039b32df1582e) Importer(815301076,1909f56bfc062723c751e8b465ee728b) (PreviewImporter) -> (artifact id: '201c35066fee6d3cd9739a75b57d5b21') in 0.0357646 seconds
Number of updated asset objects reloaded before import = 0Number of asset objects unloaded after import = 26

========================================================================
Received Import Request.
  Time since last request: 0.000031 seconds.
  path: Assets/Raygeas/Grasslands - Stylized Nature/Assets/Prefabs/Environment/Column_3.prefab
  artifactKey: Guid(e0fd79ff27e2f83448ac60392871f5a3) Importer(815301076,1909f56bfc062723c751e8b465ee728b)
Start importing Assets/Raygeas/Grasslands - Stylized Nature/Assets/Prefabs/Environment/Column_3.prefab using Guid(e0fd79ff27e2f83448ac60392871f5a3) Importer(815301076,1909f56bfc062723c751e8b465ee728b) (PreviewImporter) -> (artifact id: '4477e0f14ef1599e9deb678a9149cc35') in 0.0339742 seconds
Number of updated asset objects reloaded before import = 0Number of asset objects unloaded after import = 26

========================================================================
Received Import Request.
  Time since last request: 0.000082 seconds.
  path: Assets/Raygeas/Grasslands - Stylized Nature/Assets/Prefabs/Environment/Arch_3_Ivy.prefab
  artifactKey: Guid(4ae9e4711e8e418489d5833a34d2d61d) Importer(815301076,1909f56bfc062723c751e8b465ee728b)
Start importing Assets/Raygeas/Grasslands - Stylized Nature/Assets/Prefabs/Environment/Arch_3_Ivy.prefab using Guid(4ae9e4711e8e418489d5833a34d2d61d) Importer(815301076,1909f56bfc062723c751e8b465ee728b) (PreviewImporter) -> (artifact id: 'd0544ebb7efce9a439979eb3f6b7226e') in 0.0665046 seconds
Number of updated asset objects reloaded before import = 0Number of asset objects unloaded after import = 169

========================================================================
Received Import Request.
  Time since last request: 0.000079 seconds.
  path: Assets/Raygeas/Grasslands - Stylized Nature/Assets/Prefabs/Environment/Table.prefab
  artifactKey: Guid(6bd13b2165f24074c9dd965bbfe4a3fd) Importer(815301076,1909f56bfc062723c751e8b465ee728b)
Start importing Assets/Raygeas/Grasslands - Stylized Nature/Assets/Prefabs/Environment/Table.prefab using Guid(6bd13b2165f24074c9dd965bbfe4a3fd) Importer(815301076,1909f56bfc062723c751e8b465ee728b) (PreviewImporter) -> (artifact id: '6e8164dae2e7e0d0738b236a78228f60') in 0.037404 seconds
Number of updated asset objects reloaded before import = 0Number of asset objects unloaded after import = 26

Editor requested this worker to shutdown with reason: Scaling down because of idle timeout
AssetImportWorker is now disconnected from the server
Process exiting
Exiting without the bug reporter. Application will terminate with return code 0