Using pre-set license
Built from '2023.2/staging' branch; Version is '2023.2.18f1 (1cb755715f58) revision 1881941'; Using compiler version '193431935'; Build Type 'Release'
OS: 'Windows 11  (10.0.22631) 64bit Professional' Language: 'es' Physical Memory: 65441 MB
BatchMode: 1, IsHumanControllingUs: 0, StartBugReporterOnCrash: 0, Is64bit: 1, IsPro: 1

COMMAND LINE ARGUMENTS:
C:\Program Files\Unity\Hub\Editor\2023.2.18f1\Editor\Unity.exe
-adb2
-batchMode
-noUpm
-name
AssetImportWorker1
-projectPath
H:/Unity/Chuchu-alba
-logFile
Logs/AssetImportWorker1.log
-srvPort
61259
-job-worker-count
11
-background-job-worker-count
8
-asset-garbage-collectors
1
Successfully changed project path to: H:/Unity/Chuchu-alba
H:/Unity/Chuchu-alba
[UnityMemory] Configuration Parameters - Can be set up in boot.config
    "memorysetup-bucket-allocator-granularity=16"
    "memorysetup-bucket-allocator-bucket-count=8"
    "memorysetup-bucket-allocator-block-size=33554432"
    "memorysetup-bucket-allocator-block-count=8"
    "memorysetup-main-allocator-block-size=16777216"
    "memorysetup-thread-allocator-block-size=16777216"
    "memorysetup-gfx-main-allocator-block-size=16777216"
    "memorysetup-gfx-thread-allocator-block-size=16777216"
    "memorysetup-cache-allocator-block-size=4194304"
    "memorysetup-typetree-allocator-block-size=2097152"
    "memorysetup-profiler-bucket-allocator-granularity=16"
    "memorysetup-profiler-bucket-allocator-bucket-count=8"
    "memorysetup-profiler-bucket-allocator-block-size=33554432"
    "memorysetup-profiler-bucket-allocator-block-count=8"
    "memorysetup-profiler-allocator-block-size=16777216"
    "memorysetup-profiler-editor-allocator-block-size=1048576"
    "memorysetup-temp-allocator-size-main=16777216"
    "memorysetup-job-temp-allocator-block-size=2097152"
    "memorysetup-job-temp-allocator-block-size-background=1048576"
    "memorysetup-job-temp-allocator-reduction-small-platforms=262144"
    "memorysetup-allocator-temp-initial-block-size-main=262144"
    "memorysetup-allocator-temp-initial-block-size-worker=262144"
    "memorysetup-temp-allocator-size-background-worker=32768"
    "memorysetup-temp-allocator-size-job-worker=262144"
    "memorysetup-temp-allocator-size-preload-manager=33554432"
    "memorysetup-temp-allocator-size-nav-mesh-worker=65536"
    "memorysetup-temp-allocator-size-audio-worker=65536"
    "memorysetup-temp-allocator-size-cloud-worker=32768"
    "memorysetup-temp-allocator-size-gi-baking-worker=262144"
    "memorysetup-temp-allocator-size-gi-baking-worker=262144"
    "memorysetup-temp-allocator-size-gi-baking-worker=262144"
    "memorysetup-temp-allocator-size-gi-baking-worker=262144"
    "memorysetup-temp-allocator-size-gfx=262144"
Player connection [32984] Host "[IP] 192.168.1.55 [Port] 0 [Flags] 2 [Guid] 185109186 [EditorId] 185109186 [Version] 1048832 [Id] WindowsEditor(7,DESKTOP-KFD4UNI) [Debug] 1 [PackageName] WindowsEditor [ProjectName] Editor" joined multi-casting on [225.0.0.222:54997]...
Player connection [32984] Host "[IP] 192.168.1.55 [Port] 0 [Flags] 2 [Guid] 185109186 [EditorId] 185109186 [Version] 1048832 [Id] WindowsEditor(7,DESKTOP-KFD4UNI) [Debug] 1 [PackageName] WindowsEditor [ProjectName] Editor" joined alternative multi-casting on [225.0.0.222:34997]...
JobSystem: Creating JobQueue using job-worker-count value 11
[Physics::Module] Initialized MultithreadedJobDispatcher with 11 workers.
Library Redirect Path: Library/
Refreshing native plugins compatible for Editor in 2.45 ms, found 3 plugins.
Preloading 0 native plugins for Editor in 0.00 ms.
Initialize engine version: 2023.2.18f1 (1cb755715f58)
[Subsystems] Discovering subsystems at path C:/Program Files/Unity/Hub/Editor/2023.2.18f1/Editor/Data/Resources/UnitySubsystems
[Subsystems] Discovering subsystems at path H:/Unity/Chuchu-alba/Assets
GfxDevice: creating device client; kGfxThreadingModeNonThreaded
Direct3D:
    Version:  Direct3D 11.0 [level 11.1]
    Renderer: NVIDIA GeForce RTX 3070 (ID=0x2488)
    Vendor:   NVIDIA
    VRAM:     8018 MB
    Driver:   32.0.15.5599
Initialize mono
Mono path[0] = 'C:/Program Files/Unity/Hub/Editor/2023.2.18f1/Editor/Data/Managed'
Mono path[1] = 'C:/Program Files/Unity/Hub/Editor/2023.2.18f1/Editor/Data/MonoBleedingEdge/lib/mono/unityjit-win32'
Mono config path = 'C:/Program Files/Unity/Hub/Editor/2023.2.18f1/Editor/Data/MonoBleedingEdge/etc'
Using monoOptions --debugger-agent=transport=dt_socket,embedding=1,server=y,suspend=n,address=127.0.0.1:56060
Begin MonoManager ReloadAssembly
C:\build\output\Unity-Technologies\mono\mono\metadata\icall.c:1842:
C:\build\output\Unity-Technologies\mono\mono\metadata\icall.c:1842:
C:\build\output\Unity-Technologies\mono\mono\metadata\icall.c:1842:
C:\build\output\Unity-Technologies\mono\mono\metadata\icall.c:1842:
C:\build\output\Unity-Technologies\mono\mono\metadata\icall.c:1842:
C:\build\output\Unity-Technologies\mono\mono\metadata\icall.c:1842:
C:\build\output\Unity-Technologies\mono\mono\metadata\icall.c:1842:
C:\build\output\Unity-Technologies\mono\mono\metadata\icall.c:1842:
C:\build\output\Unity-Technologies\mono\mono\metadata\icall.c:1842:
C:\build\output\Unity-Technologies\mono\mono\metadata\icall.c:1842:
Registering precompiled unity dll's ...
Register platform support module: C:/Program Files/Unity/Hub/Editor/2023.2.18f1/Editor/Data/PlaybackEngines/WebGLSupport/UnityEditor.WebGL.Extensions.dll
Register platform support module: C:/Program Files/Unity/Hub/Editor/2023.2.18f1/Editor/Data/PlaybackEngines/WindowsStandaloneSupport/UnityEditor.WindowsStandalone.Extensions.dll
Register platform support module: C:/Program Files/Unity/Hub/Editor/2023.2.18f1/Editor/Data/PlaybackEngines/MetroSupport/UnityEditor.UWP.Extensions.dll
Registered in 0.005311 seconds.
- Loaded All Assemblies, in  0.334 seconds
Native extension for UWP target not found
Native extension for WindowsStandalone target not found
Native extension for WebGL target not found
Mono: successfully reloaded assembly
C:\build\output\Unity-Technologies\mono\mono\metadata\icall.c:1842:
C:\build\output\Unity-Technologies\mono\mono\metadata\icall.c:1842:
- Finished resetting the current domain, in  0.280 seconds
Domain Reload Profiling: 612ms
	BeginReloadAssembly (109ms)
		ExecutionOrderSort (0ms)
		DisableScriptedObjects (0ms)
		BackupInstance (0ms)
		ReleaseScriptingObjects (0ms)
		CreateAndSetChildDomain (1ms)
	RebuildCommonClasses (29ms)
	RebuildNativeTypeToScriptingClass (10ms)
	initialDomainReloadingComplete (45ms)
	LoadAllAssembliesAndSetupDomain (139ms)
		LoadAssemblies (107ms)
		RebuildTransferFunctionScriptingTraits (0ms)
		AnalyzeDomain (136ms)
			TypeCache.Refresh (135ms)
				TypeCache.ScanAssembly (125ms)
			BuildScriptInfoCaches (0ms)
			ResolveRequiredComponents (0ms)
	FinalizeReload (280ms)
		ReleaseScriptCaches (0ms)
		RebuildScriptCaches (0ms)
		SetupLoadedEditorAssemblies (231ms)
			LogAssemblyErrors (0ms)
			InitializePlatformSupportModulesInManaged (38ms)
			SetLoadedEditorAssemblies (4ms)
			BeforeProcessingInitializeOnLoad (4ms)
			ProcessInitializeOnLoadAttributes (149ms)
			ProcessInitializeOnLoadMethodAttributes (36ms)
			AfterProcessingInitializeOnLoad (0ms)
			EditorAssembliesLoaded (0ms)
		ExecutionOrderSort2 (0ms)
		AwakeInstancesAfterBackupRestoration (0ms)
========================================================================
Worker process is ready to serve import requests
Import Worker Mode flag is 0x00
Begin MonoManager ReloadAssembly
C:\build\output\Unity-Technologies\mono\mono\metadata\icall.c:1842:
C:\build\output\Unity-Technologies\mono\mono\metadata\icall.c:1842:
C:\build\output\Unity-Technologies\mono\mono\metadata\icall.c:1842:
C:\build\output\Unity-Technologies\mono\mono\metadata\icall.c:1842:
C:\build\output\Unity-Technologies\mono\mono\metadata\icall.c:1842:
C:\build\output\Unity-Technologies\mono\mono\metadata\icall.c:1842:
C:\build\output\Unity-Technologies\mono\mono\metadata\icall.c:1842:
C:\build\output\Unity-Technologies\mono\mono\metadata\icall.c:1842:
C:\build\output\Unity-Technologies\mono\mono\metadata\icall.c:1842:
C:\build\output\Unity-Technologies\mono\mono\metadata\icall.c:1842:
C:\build\output\Unity-Technologies\mono\mono\metadata\icall.c:1842:
C:\build\output\Unity-Technologies\mono\mono\metadata\icall.c:1842:
Symbol file LoadedFromMemory doesn't match image H:\Unity\Chuchu-alba\Library\PackageCache\com.unity.visualscripting@1.8.0\Editor\VisualScripting.Core\Dependencies\YamlDotNet\Unity.VisualScripting.YamlDotNet.dll
Symbol file LoadedFromMemory doesn't match image H:\Unity\Chuchu-alba\Library\PackageCache\com.unity.visualscripting@1.8.0\Editor\VisualScripting.Core\Dependencies\DotNetZip\Unity.VisualScripting.IonicZip.dll
- Loaded All Assemblies, in  0.837 seconds
Refreshing native plugins compatible for Editor in 1.53 ms, found 3 plugins.
Native extension for UWP target not found
Native extension for WindowsStandalone target not found
Native extension for WebGL target not found
Mono: successfully reloaded assembly
Package Manager log level set to [2]
[Package Manager] Failed to launch server process. Reason: Unity was launched with the -noUpm command-line argument
[Package Manager] Unable to send message (not connected to server process).
[Package Manager] Cannot connect to Unity Package Manager local server
[Package Manager] Failed to launch server process. Reason: Unity was launched with the -noUpm command-line argument
[Package Manager] Unable to send message (not connected to server process).
[Package Manager] Cannot connect to Unity Package Manager local server
- Finished resetting the current domain, in  0.768 seconds
Domain Reload Profiling: 1602ms
	BeginReloadAssembly (314ms)
		ExecutionOrderSort (0ms)
		DisableScriptedObjects (5ms)
		BackupInstance (0ms)
		ReleaseScriptingObjects (0ms)
		CreateAndSetChildDomain (33ms)
	RebuildCommonClasses (30ms)
	RebuildNativeTypeToScriptingClass (12ms)
	initialDomainReloadingComplete (31ms)
	LoadAllAssembliesAndSetupDomain (447ms)
		LoadAssemblies (288ms)
		RebuildTransferFunctionScriptingTraits (0ms)
		AnalyzeDomain (244ms)
			TypeCache.Refresh (197ms)
				TypeCache.ScanAssembly (184ms)
			BuildScriptInfoCaches (32ms)
			ResolveRequiredComponents (12ms)
	FinalizeReload (769ms)
		ReleaseScriptCaches (0ms)
		RebuildScriptCaches (0ms)
		SetupLoadedEditorAssemblies (596ms)
			LogAssemblyErrors (0ms)
			InitializePlatformSupportModulesInManaged (11ms)
			SetLoadedEditorAssemblies (5ms)
			BeforeProcessingInitializeOnLoad (55ms)
			ProcessInitializeOnLoadAttributes (491ms)
			ProcessInitializeOnLoadMethodAttributes (29ms)
			AfterProcessingInitializeOnLoad (5ms)
			EditorAssembliesLoaded (0ms)
		ExecutionOrderSort2 (0ms)
		AwakeInstancesAfterBackupRestoration (7ms)
Launched and connected shader compiler UnityShaderCompiler.exe after 0.01 seconds
Refreshing native plugins compatible for Editor in 1.75 ms, found 3 plugins.
Preloading 0 native plugins for Editor in 0.00 ms.
Unloading 163 Unused Serialized files (Serialized files now loaded: 0)
Unloading 6536 unused Assets / (7.7 MB). Loaded Objects now: 7199.
Memory consumption went from 257.5 MB to 249.9 MB.
Total: 9.294600 ms (FindLiveObjects: 0.671600 ms CreateObjectMapping: 0.428300 ms MarkObjects: 4.578300 ms  DeleteObjects: 3.615900 ms)

========================================================================
Received Import Request.
  Time since last request: 111252.146684 seconds.
  path: Assets/PLAYER TWO/Platformer Project/Examples/Textures/Water/Water.png
  artifactKey: Guid(31d14d219e5f63e4a9f64fb45ed497c1) Importer(815301076,1909f56bfc062723c751e8b465ee728b)
Start importing Assets/PLAYER TWO/Platformer Project/Examples/Textures/Water/Water.png using Guid(31d14d219e5f63e4a9f64fb45ed497c1) Importer(815301076,1909f56bfc062723c751e8b465ee728b) (PreviewImporter) -> (artifact id: 'cacdb340ad22f5bea5d5c5e1c79b026d') in 0.0534514 seconds
Number of updated asset objects reloaded before import = 0Number of asset objects unloaded after import = 2

========================================================================
Received Import Request.
  Time since last request: 210.188155 seconds.
  path: Assets/Basic enter exit cars/Models/Materials/_Color_A06_1.mat
  artifactKey: Guid(8b71e6785fe88204eb6a8631af75d797) Importer(815301076,1909f56bfc062723c751e8b465ee728b)
Start importing Assets/Basic enter exit cars/Models/Materials/_Color_A06_1.mat using Guid(8b71e6785fe88204eb6a8631af75d797) Importer(815301076,1909f56bfc062723c751e8b465ee728b) (PreviewImporter) -> (artifact id: '055152eb9055f89a6f682166155b6964') in 0.0433281 seconds
Number of updated asset objects reloaded before import = 0Number of asset objects unloaded after import = 1

========================================================================
Received Import Request.
  Time since last request: 0.000019 seconds.
  path: Assets/Quibli/Demos/City/Materials/City_Lantern_2.mat
  artifactKey: Guid(bf41eecf7801e4c3b99fb10c0bd38f43) Importer(815301076,1909f56bfc062723c751e8b465ee728b)
Start importing Assets/Quibli/Demos/City/Materials/City_Lantern_2.mat using Guid(bf41eecf7801e4c3b99fb10c0bd38f43) Importer(815301076,1909f56bfc062723c751e8b465ee728b) (PreviewImporter) -> (artifact id: 'f36b419440b86628176d175c7668a638') in 0.0242362 seconds
Number of updated asset objects reloaded before import = 0Number of asset objects unloaded after import = 3

========================================================================
Received Import Request.
  Time since last request: 0.000017 seconds.
  path: Assets/Quibli/Demos/City/Materials/City_Building_Wall_10.mat
  artifactKey: Guid(b484ca38054bb42e595f76996124b90c) Importer(815301076,1909f56bfc062723c751e8b465ee728b)
Start importing Assets/Quibli/Demos/City/Materials/City_Building_Wall_10.mat using Guid(b484ca38054bb42e595f76996124b90c) Importer(815301076,1909f56bfc062723c751e8b465ee728b) (PreviewImporter) -> (artifact id: '370dffe251f0f8722534257dde58ac0f') in 0.0165453 seconds
Number of updated asset objects reloaded before import = 0Number of asset objects unloaded after import = 3

========================================================================
Received Import Request.
  Time since last request: 0.000016 seconds.
  path: Assets/Quibli/Demos/City/Materials/City_GrassSprouts.mat
  artifactKey: Guid(48101caa5fcbb4457bf24145a252bdf7) Importer(815301076,1909f56bfc062723c751e8b465ee728b)
Start importing Assets/Quibli/Demos/City/Materials/City_GrassSprouts.mat using Guid(48101caa5fcbb4457bf24145a252bdf7) Importer(815301076,1909f56bfc062723c751e8b465ee728b) (PreviewImporter) -> (artifact id: '3fcde7925cf40e97847677c99e53e67d') in 0.0153856 seconds
Number of updated asset objects reloaded before import = 0Number of asset objects unloaded after import = 3

========================================================================
Received Import Request.
  Time since last request: 0.000013 seconds.
  path: Assets/Quibli/Demos/City/Materials/City_LightRay.mat
  artifactKey: Guid(3633cda10918948ad806149543e8d11d) Importer(815301076,1909f56bfc062723c751e8b465ee728b)
Start importing Assets/Quibli/Demos/City/Materials/City_LightRay.mat using Guid(3633cda10918948ad806149543e8d11d) Importer(815301076,1909f56bfc062723c751e8b465ee728b) (PreviewImporter) -> (artifact id: '4579b23d855bfbcc5c14c999d99f1706') in 0.0947736 seconds
Number of updated asset objects reloaded before import = 0Number of asset objects unloaded after import = 3

========================================================================
Received Import Request.
  Time since last request: 0.000017 seconds.
  path: Assets/Quibli/Demos/City/Materials/City_Building_WindowFrame_2.mat
  artifactKey: Guid(0c63b9ff510c64c3f95a489c39ce30a5) Importer(815301076,1909f56bfc062723c751e8b465ee728b)
Start importing Assets/Quibli/Demos/City/Materials/City_Building_WindowFrame_2.mat using Guid(0c63b9ff510c64c3f95a489c39ce30a5) Importer(815301076,1909f56bfc062723c751e8b465ee728b) (PreviewImporter) -> (artifact id: '1beba1e63eaaae32e07f9282f6674c2b') in 0.0194177 seconds
Number of updated asset objects reloaded before import = 0Number of asset objects unloaded after import = 4

========================================================================
Received Import Request.
  Time since last request: 0.000028 seconds.
  path: Assets/Basic enter exit cars/Models/Materials/characterJeans.mat
  artifactKey: Guid(e4aeb866450bc4d4482e54d0775cff71) Importer(815301076,1909f56bfc062723c751e8b465ee728b)
Start importing Assets/Basic enter exit cars/Models/Materials/characterJeans.mat using Guid(e4aeb866450bc4d4482e54d0775cff71) Importer(815301076,1909f56bfc062723c751e8b465ee728b) (PreviewImporter) -> (artifact id: '6ceaf95b59aee0a26c924879fa9c0edd') in 0.0101031 seconds
Number of updated asset objects reloaded before import = 0Number of asset objects unloaded after import = 1

========================================================================
Received Import Request.
  Time since last request: 0.000019 seconds.
  path: Assets/Quibli/Demos/City/Materials/City_Building_WindowGlass_1.mat
  artifactKey: Guid(bb9c240b89eef41fbabf415d9d425aa7) Importer(815301076,1909f56bfc062723c751e8b465ee728b)
Start importing Assets/Quibli/Demos/City/Materials/City_Building_WindowGlass_1.mat using Guid(bb9c240b89eef41fbabf415d9d425aa7) Importer(815301076,1909f56bfc062723c751e8b465ee728b) (PreviewImporter) -> (artifact id: '867148286301431c851c9bf6056bb5c2') in 0.0142562 seconds
Number of updated asset objects reloaded before import = 0Number of asset objects unloaded after import = 3

========================================================================
Received Import Request.
  Time since last request: 0.000014 seconds.
  path: Assets/Quibli/Demos/City/Materials/City_Building_Wall_8.mat
  artifactKey: Guid(6e5ba49f88b09422e8a0ae4f38b24fa0) Importer(815301076,1909f56bfc062723c751e8b465ee728b)
Start importing Assets/Quibli/Demos/City/Materials/City_Building_Wall_8.mat using Guid(6e5ba49f88b09422e8a0ae4f38b24fa0) Importer(815301076,1909f56bfc062723c751e8b465ee728b) (PreviewImporter) -> (artifact id: '6fb9e837bedb648dfd2fc47d1067567c') in 0.0148438 seconds
Number of updated asset objects reloaded before import = 0Number of asset objects unloaded after import = 4

========================================================================
Received Import Request.
  Time since last request: 0.000012 seconds.
  path: Assets/Quibli/Demos/City/Materials/City_Building_Wall_6.mat
  artifactKey: Guid(44df21e9e5eca453fa2bb5b3f02ed440) Importer(815301076,1909f56bfc062723c751e8b465ee728b)
Start importing Assets/Quibli/Demos/City/Materials/City_Building_Wall_6.mat using Guid(44df21e9e5eca453fa2bb5b3f02ed440) Importer(815301076,1909f56bfc062723c751e8b465ee728b) (PreviewImporter) -> (artifact id: '1ebf2af7328e6724d255363ec8e9b260') in 0.0130786 seconds
Number of updated asset objects reloaded before import = 0Number of asset objects unloaded after import = 3

========================================================================
Received Import Request.
  Time since last request: 0.000031 seconds.
  path: Assets/Quibli/Demos/City/Materials/City_Foliage_BIllboardPlant_01.mat
  artifactKey: Guid(04974b264ece94faeaf19670a2fedecf) Importer(815301076,1909f56bfc062723c751e8b465ee728b)
Start importing Assets/Quibli/Demos/City/Materials/City_Foliage_BIllboardPlant_01.mat using Guid(04974b264ece94faeaf19670a2fedecf) Importer(815301076,1909f56bfc062723c751e8b465ee728b) (PreviewImporter) -> (artifact id: '81216fd3b65f7d3562b3d5907f8dac34') in 0.0122929 seconds
Number of updated asset objects reloaded before import = 0Number of asset objects unloaded after import = 6

========================================================================
Received Import Request.
  Time since last request: 0.000015 seconds.
  path: Assets/Quibli/Demos/Sample Scene with Quibli/Materials/BillboardBush_01_Close.mat
  artifactKey: Guid(f9ed157a6afad4d5394df0525f17f2c9) Importer(815301076,1909f56bfc062723c751e8b465ee728b)
Start importing Assets/Quibli/Demos/Sample Scene with Quibli/Materials/BillboardBush_01_Close.mat using Guid(f9ed157a6afad4d5394df0525f17f2c9) Importer(815301076,1909f56bfc062723c751e8b465ee728b) (PreviewImporter) -> (artifact id: '77ab1163e649ee7b0b0104e922e37ba5') in 0.0193089 seconds
Number of updated asset objects reloaded before import = 0Number of asset objects unloaded after import = 6

========================================================================
Received Import Request.
  Time since last request: 0.000014 seconds.
  path: Assets/Quibli/Demos/City/Materials/City_Foliage_BIllboardPlant_02.mat
  artifactKey: Guid(70c0556897afb4a81be8e257d0a3ba6f) Importer(815301076,1909f56bfc062723c751e8b465ee728b)
Start importing Assets/Quibli/Demos/City/Materials/City_Foliage_BIllboardPlant_02.mat using Guid(70c0556897afb4a81be8e257d0a3ba6f) Importer(815301076,1909f56bfc062723c751e8b465ee728b) (PreviewImporter) -> (artifact id: '09f781a366fdd19ef1b2febe4833a23f') in 0.0158322 seconds
Number of updated asset objects reloaded before import = 0Number of asset objects unloaded after import = 6

========================================================================
Received Import Request.
  Time since last request: 0.000016 seconds.
  path: Assets/Quibli/Demos/Sample Scene with Quibli/Materials/BIllboardBush_Details_01.mat
  artifactKey: Guid(7be3f5a7e544a41719ed46f7a18a6bae) Importer(815301076,1909f56bfc062723c751e8b465ee728b)
Start importing Assets/Quibli/Demos/Sample Scene with Quibli/Materials/BIllboardBush_Details_01.mat using Guid(7be3f5a7e544a41719ed46f7a18a6bae) Importer(815301076,1909f56bfc062723c751e8b465ee728b) (PreviewImporter) -> (artifact id: 'df686c4de023297be7fcc4b5d0c9c0af') in 0.0200378 seconds
Number of updated asset objects reloaded before import = 0Number of asset objects unloaded after import = 6

========================================================================
Received Import Request.
  Time since last request: 0.000017 seconds.
  path: Assets/Quibli/Demos/City/Materials/City_Building_Wall_2.mat
  artifactKey: Guid(16100b599df4d48d5a4dbba878d3a258) Importer(815301076,1909f56bfc062723c751e8b465ee728b)
Start importing Assets/Quibli/Demos/City/Materials/City_Building_Wall_2.mat using Guid(16100b599df4d48d5a4dbba878d3a258) Importer(815301076,1909f56bfc062723c751e8b465ee728b) (PreviewImporter) -> (artifact id: '608841b6026bb0e01677b428885d5f38') in 0.0136083 seconds
Number of updated asset objects reloaded before import = 0Number of asset objects unloaded after import = 3

========================================================================
Received Import Request.
  Time since last request: 0.000014 seconds.
  path: Assets/Quibli/Demos/Sample Scene with Quibli/Materials/BIllboardBush_03.mat
  artifactKey: Guid(8f9025565a02b4f5a9570aff3148a62a) Importer(815301076,1909f56bfc062723c751e8b465ee728b)
Start importing Assets/Quibli/Demos/Sample Scene with Quibli/Materials/BIllboardBush_03.mat using Guid(8f9025565a02b4f5a9570aff3148a62a) Importer(815301076,1909f56bfc062723c751e8b465ee728b) (PreviewImporter) -> (artifact id: 'cf1c3e2b884b827004a39be36d157b19') in 0.0200065 seconds
Number of updated asset objects reloaded before import = 0Number of asset objects unloaded after import = 6

========================================================================
Received Import Request.
  Time since last request: 0.000019 seconds.
  path: Assets/Quibli/Demos/Sample Scene with Quibli/Materials/BillboardBush_05.mat
  artifactKey: Guid(e7ba03938476349aba11d59dcde21772) Importer(815301076,1909f56bfc062723c751e8b465ee728b)
Start importing Assets/Quibli/Demos/Sample Scene with Quibli/Materials/BillboardBush_05.mat using Guid(e7ba03938476349aba11d59dcde21772) Importer(815301076,1909f56bfc062723c751e8b465ee728b) (PreviewImporter) -> (artifact id: 'a205a996c6577b2e7c75e3cb73488b0a') in 0.0187626 seconds
Number of updated asset objects reloaded before import = 0Number of asset objects unloaded after import = 6

========================================================================
Received Import Request.
  Time since last request: 0.000042 seconds.
  path: Assets/PLAYER TWO/Platformer Project/Examples/Materials/Models/Blue Coin.mat
  artifactKey: Guid(11b23156f1c77044e9c64ff7c8b24902) Importer(815301076,1909f56bfc062723c751e8b465ee728b)
Start importing Assets/PLAYER TWO/Platformer Project/Examples/Materials/Models/Blue Coin.mat using Guid(11b23156f1c77044e9c64ff7c8b24902) Importer(815301076,1909f56bfc062723c751e8b465ee728b) (PreviewImporter) -> (artifact id: 'e064ac919538fd0d9ef33ae180390518') in 0.3413659 seconds
Number of updated asset objects reloaded before import = 0Number of asset objects unloaded after import = 3

========================================================================
Received Import Request.
  Time since last request: 0.000015 seconds.
  path: Assets/Quibli/Demos/Sample Scene with Quibli/Materials/BillboardBush_08.mat
  artifactKey: Guid(ceb5d8a3125994d81be6b75dd0e63f86) Importer(815301076,1909f56bfc062723c751e8b465ee728b)
Start importing Assets/Quibli/Demos/Sample Scene with Quibli/Materials/BillboardBush_08.mat using Guid(ceb5d8a3125994d81be6b75dd0e63f86) Importer(815301076,1909f56bfc062723c751e8b465ee728b) (PreviewImporter) -> (artifact id: 'f65602ae5442a7dabd7f1fa95025aa39') in 0.01203 seconds
Number of updated asset objects reloaded before import = 0Number of asset objects unloaded after import = 6

========================================================================
Received Import Request.
  Time since last request: 0.000024 seconds.
  path: Assets/Quibli/Demos/City/Materials/City_Building_WindowFrame_1.mat
  artifactKey: Guid(295fb5fe1ecbe42ed971ac9470d2601f) Importer(815301076,1909f56bfc062723c751e8b465ee728b)
Start importing Assets/Quibli/Demos/City/Materials/City_Building_WindowFrame_1.mat using Guid(295fb5fe1ecbe42ed971ac9470d2601f) Importer(815301076,1909f56bfc062723c751e8b465ee728b) (PreviewImporter) -> (artifact id: '41ab2681e28ec9a9baa044a6f59f196a') in 0.0151879 seconds
Number of updated asset objects reloaded before import = 0Number of asset objects unloaded after import = 3

========================================================================
Received Import Request.
  Time since last request: 0.000016 seconds.
  path: Assets/Quibli/Demos/Sample Scene with Quibli/Materials/BillboardBush_06_Close.mat
  artifactKey: Guid(dd6778d0a416e4c8ab49019c2fcd41ba) Importer(815301076,1909f56bfc062723c751e8b465ee728b)
Start importing Assets/Quibli/Demos/Sample Scene with Quibli/Materials/BillboardBush_06_Close.mat using Guid(dd6778d0a416e4c8ab49019c2fcd41ba) Importer(815301076,1909f56bfc062723c751e8b465ee728b) (PreviewImporter) -> (artifact id: '51e95b9638969c6a7ad8c1cea604b153') in 0.0169562 seconds
Number of updated asset objects reloaded before import = 0Number of asset objects unloaded after import = 6

========================================================================
Received Import Request.
  Time since last request: 0.000012 seconds.
  path: Assets/Quibli/Demos/City/Materials/City_Building_Wall_12.mat
  artifactKey: Guid(19b362d06686c42dd950068d93f292f7) Importer(815301076,1909f56bfc062723c751e8b465ee728b)
Start importing Assets/Quibli/Demos/City/Materials/City_Building_Wall_12.mat using Guid(19b362d06686c42dd950068d93f292f7) Importer(815301076,1909f56bfc062723c751e8b465ee728b) (PreviewImporter) -> (artifact id: '212f01aff3da4657f4c67911b2db97ae') in 0.0130146 seconds
Number of updated asset objects reloaded before import = 0Number of asset objects unloaded after import = 4

========================================================================
Received Import Request.
  Time since last request: 0.000015 seconds.
  path: Assets/Quibli/Demos/City/Materials/City_Building_WindowGlass_2.mat
  artifactKey: Guid(73dc748274be548bf93721dcf1a0e0d9) Importer(815301076,1909f56bfc062723c751e8b465ee728b)
Start importing Assets/Quibli/Demos/City/Materials/City_Building_WindowGlass_2.mat using Guid(73dc748274be548bf93721dcf1a0e0d9) Importer(815301076,1909f56bfc062723c751e8b465ee728b) (PreviewImporter) -> (artifact id: '367ce3e24bf66ba2274e394f61a62d47') in 0.0146512 seconds
Number of updated asset objects reloaded before import = 0Number of asset objects unloaded after import = 3

========================================================================
Received Import Request.
  Time since last request: 0.358945 seconds.
  path: Assets/Quibli/Demos/[Common]/Textures/Foliage - Fill Textures/Foliage_Fill_LongLeaf_4.png
  artifactKey: Guid(0f1bc541d4bda47399f10e5dd0b961c2) Importer(815301076,1909f56bfc062723c751e8b465ee728b)
Start importing Assets/Quibli/Demos/[Common]/Textures/Foliage - Fill Textures/Foliage_Fill_LongLeaf_4.png using Guid(0f1bc541d4bda47399f10e5dd0b961c2) Importer(815301076,1909f56bfc062723c751e8b465ee728b) (PreviewImporter) -> (artifact id: '56c4b9d4d674adc1c8805c54eaeb98eb') in 0.0133744 seconds
Number of updated asset objects reloaded before import = 0Number of asset objects unloaded after import = 2

========================================================================
Received Import Request.
  Time since last request: 11.431023 seconds.
  path: Assets/Quibli/Demos/City/Materials/City_Metal_3.mat
  artifactKey: Guid(9c6e5c3a4651c42a4a2abca7658c81cf) Importer(815301076,1909f56bfc062723c751e8b465ee728b)
Start importing Assets/Quibli/Demos/City/Materials/City_Metal_3.mat using Guid(9c6e5c3a4651c42a4a2abca7658c81cf) Importer(815301076,1909f56bfc062723c751e8b465ee728b) (PreviewImporter) -> (artifact id: 'f0e3a266bf8f8f9474ffedcf10460b87') in 0.0192287 seconds
Number of updated asset objects reloaded before import = 0Number of asset objects unloaded after import = 3

========================================================================
Received Import Request.
  Time since last request: 0.000016 seconds.
  path: Assets/Quibli/Demos/City/Materials/City_Metal_5.mat
  artifactKey: Guid(44e4d188799ce4f5eaef9c467291b700) Importer(815301076,1909f56bfc062723c751e8b465ee728b)
Start importing Assets/Quibli/Demos/City/Materials/City_Metal_5.mat using Guid(44e4d188799ce4f5eaef9c467291b700) Importer(815301076,1909f56bfc062723c751e8b465ee728b) (PreviewImporter) -> (artifact id: 'b0cc6ff22d6ebab79b49d7cf5fefd08f') in 0.0162317 seconds
Number of updated asset objects reloaded before import = 0Number of asset objects unloaded after import = 3

========================================================================
Received Import Request.
  Time since last request: 0.000013 seconds.
  path: Assets/Quibli/Demos/City/Materials/City_Metal_6.mat
  artifactKey: Guid(b155d7a5cfa0342e1bde77a8c60f1e56) Importer(815301076,1909f56bfc062723c751e8b465ee728b)
Start importing Assets/Quibli/Demos/City/Materials/City_Metal_6.mat using Guid(b155d7a5cfa0342e1bde77a8c60f1e56) Importer(815301076,1909f56bfc062723c751e8b465ee728b) (PreviewImporter) -> (artifact id: '7eda58fd45f04de115a5be088285e65c') in 0.0125498 seconds
Number of updated asset objects reloaded before import = 0Number of asset objects unloaded after import = 3

========================================================================
Received Import Request.
  Time since last request: 0.000019 seconds.
  path: Assets/Quibli/Demos/City/Materials/City_Metal_7.mat
  artifactKey: Guid(bb8c5e92139a34402959de258cbbb3dd) Importer(815301076,1909f56bfc062723c751e8b465ee728b)
Start importing Assets/Quibli/Demos/City/Materials/City_Metal_7.mat using Guid(bb8c5e92139a34402959de258cbbb3dd) Importer(815301076,1909f56bfc062723c751e8b465ee728b) (PreviewImporter) -> (artifact id: 'f469833c2e349df61bd1bfaaf095e7af') in 0.0137543 seconds
Number of updated asset objects reloaded before import = 0Number of asset objects unloaded after import = 3

========================================================================
Received Import Request.
  Time since last request: 0.000015 seconds.
  path: Assets/Quibli/Demos/City/Materials/City_Pillar_1.mat
  artifactKey: Guid(3549f36b395714502ab8aec375b47b69) Importer(815301076,1909f56bfc062723c751e8b465ee728b)
Start importing Assets/Quibli/Demos/City/Materials/City_Pillar_1.mat using Guid(3549f36b395714502ab8aec375b47b69) Importer(815301076,1909f56bfc062723c751e8b465ee728b) (PreviewImporter) -> (artifact id: 'd326b20ec62c2d7e0ac2b6952de1d82e') in 0.0137391 seconds
Number of updated asset objects reloaded before import = 0Number of asset objects unloaded after import = 3

========================================================================
Received Import Request.
  Time since last request: 6.948822 seconds.
  path: Assets/Quibli/Demos/City/Materials/City_Road_1_2.mat
  artifactKey: Guid(903e5bcf5a3674d4bbcb58dd73fcdbe6) Importer(815301076,1909f56bfc062723c751e8b465ee728b)
Start importing Assets/Quibli/Demos/City/Materials/City_Road_1_2.mat using Guid(903e5bcf5a3674d4bbcb58dd73fcdbe6) Importer(815301076,1909f56bfc062723c751e8b465ee728b) (PreviewImporter) -> (artifact id: 'da9e03ed14788b962460401b077d237f') in 0.0799701 seconds
Number of updated asset objects reloaded before import = 0Number of asset objects unloaded after import = 6

========================================================================
Received Import Request.
  Time since last request: 0.000017 seconds.
  path: Assets/Quibli/Demos/Clouds/Clouds Materials/Clouds_Cloud2D_7.mat
  artifactKey: Guid(5b82fb9aa6cde48b5833bc559853e884) Importer(815301076,1909f56bfc062723c751e8b465ee728b)
Start importing Assets/Quibli/Demos/Clouds/Clouds Materials/Clouds_Cloud2D_7.mat using Guid(5b82fb9aa6cde48b5833bc559853e884) Importer(815301076,1909f56bfc062723c751e8b465ee728b) (PreviewImporter) -> (artifact id: '3dbe7967d381728336955d0bcda4b98a') in 0.044351 seconds
Number of updated asset objects reloaded before import = 0Number of asset objects unloaded after import = 5

========================================================================
Received Import Request.
  Time since last request: 0.000013 seconds.
  path: Assets/Quibli/Demos/City/Materials/City_Sticker.mat
  artifactKey: Guid(3b9b0c17e62c24dbea20ebad256c342d) Importer(815301076,1909f56bfc062723c751e8b465ee728b)
Start importing Assets/Quibli/Demos/City/Materials/City_Sticker.mat using Guid(3b9b0c17e62c24dbea20ebad256c342d) Importer(815301076,1909f56bfc062723c751e8b465ee728b) (PreviewImporter) -> (artifact id: 'e64a10c707f346c941031575ab035ef5') in 0.0282094 seconds
Number of updated asset objects reloaded before import = 0Number of asset objects unloaded after import = 4

========================================================================
Received Import Request.
  Time since last request: 0.000014 seconds.
  path: Assets/Quibli/Demos/Clouds/Clouds Materials/Clouds_Cloud2D_6.mat
  artifactKey: Guid(2a8f9d6ca64b64901b2c68376c89cde3) Importer(815301076,1909f56bfc062723c751e8b465ee728b)
Start importing Assets/Quibli/Demos/Clouds/Clouds Materials/Clouds_Cloud2D_6.mat using Guid(2a8f9d6ca64b64901b2c68376c89cde3) Importer(815301076,1909f56bfc062723c751e8b465ee728b) (PreviewImporter) -> (artifact id: '9b9fb6f070d7737758673d25b5542f41') in 0.0262135 seconds
Number of updated asset objects reloaded before import = 0Number of asset objects unloaded after import = 5

========================================================================
Received Import Request.
  Time since last request: 0.000016 seconds.
  path: Assets/Quibli/Demos/Clouds/Clouds Materials/Clouds_Cloud2D_3.mat
  artifactKey: Guid(638f82664910e424dbae4a9c0fd09ba1) Importer(815301076,1909f56bfc062723c751e8b465ee728b)
Start importing Assets/Quibli/Demos/Clouds/Clouds Materials/Clouds_Cloud2D_3.mat using Guid(638f82664910e424dbae4a9c0fd09ba1) Importer(815301076,1909f56bfc062723c751e8b465ee728b) (PreviewImporter) -> (artifact id: '95cd7189fdc4eee82fa97ed5a3170728') in 0.0115922 seconds
Number of updated asset objects reloaded before import = 0Number of asset objects unloaded after import = 5

========================================================================
Received Import Request.
  Time since last request: 0.000019 seconds.
  path: Assets/Basic enter exit cars/Models/Materials/Color_005.mat
  artifactKey: Guid(7b53170e18b10c9449d307b2bcd94595) Importer(815301076,1909f56bfc062723c751e8b465ee728b)
Start importing Assets/Basic enter exit cars/Models/Materials/Color_005.mat using Guid(7b53170e18b10c9449d307b2bcd94595) Importer(815301076,1909f56bfc062723c751e8b465ee728b) (PreviewImporter) -> (artifact id: '8151d29cf827f19a610da6bfde1f18fb') in 0.0091154 seconds
Number of updated asset objects reloaded before import = 0Number of asset objects unloaded after import = 1

========================================================================
Received Import Request.
  Time since last request: 0.000014 seconds.
  path: Assets/Quibli/Shaders/Cloud2D.shadergraph
  artifactKey: Guid(2e53a686dbc484b5a9415f1500504b6f) Importer(815301076,1909f56bfc062723c751e8b465ee728b)
Start importing Assets/Quibli/Shaders/Cloud2D.shadergraph using Guid(2e53a686dbc484b5a9415f1500504b6f) Importer(815301076,1909f56bfc062723c751e8b465ee728b) (PreviewImporter) -> (artifact id: '53f7758d23de59e015741a48dbef7f30') in 0.0057157 seconds
Number of updated asset objects reloaded before import = 0Number of asset objects unloaded after import = 2

========================================================================
Received Import Request.
  Time since last request: 0.000014 seconds.
  path: Assets/Quibli/Demos/City/Materials/City_Road_Sign.mat
  artifactKey: Guid(b415606ccc53b48a6b5f20d17176068d) Importer(815301076,1909f56bfc062723c751e8b465ee728b)
Start importing Assets/Quibli/Demos/City/Materials/City_Road_Sign.mat using Guid(b415606ccc53b48a6b5f20d17176068d) Importer(815301076,1909f56bfc062723c751e8b465ee728b) (PreviewImporter) -> (artifact id: '651e1a254996b5708cfd88be295f7586') in 0.0087251 seconds
Number of updated asset objects reloaded before import = 0Number of asset objects unloaded after import = 4

========================================================================
Received Import Request.
  Time since last request: 0.000013 seconds.
  path: Assets/Quibli/Demos/Clouds/Clouds Materials/Clouds_Cloud2D_9.mat
  artifactKey: Guid(decf062c22a0541f290f3c99049b724c) Importer(815301076,1909f56bfc062723c751e8b465ee728b)
Start importing Assets/Quibli/Demos/Clouds/Clouds Materials/Clouds_Cloud2D_9.mat using Guid(decf062c22a0541f290f3c99049b724c) Importer(815301076,1909f56bfc062723c751e8b465ee728b) (PreviewImporter) -> (artifact id: '236e2f8e93b14df42db253e98bcedc8d') in 0.0156731 seconds
Number of updated asset objects reloaded before import = 0Number of asset objects unloaded after import = 5

========================================================================
Received Import Request.
  Time since last request: 0.617713 seconds.
  path: Assets/PLAYER TWO/Platformer Project/Examples/Materials/Models/Crate With Heart.mat
  artifactKey: Guid(11ce5bfaa4a182940b6f6ab68a07b4ea) Importer(815301076,1909f56bfc062723c751e8b465ee728b)
Start importing Assets/PLAYER TWO/Platformer Project/Examples/Materials/Models/Crate With Heart.mat using Guid(11ce5bfaa4a182940b6f6ab68a07b4ea) Importer(815301076,1909f56bfc062723c751e8b465ee728b) (PreviewImporter) -> (artifact id: '5c5d78a440b38a70e2d0ab8000e58b76') in 0.010694 seconds
Number of updated asset objects reloaded before import = 0Number of asset objects unloaded after import = 2

========================================================================
Received Import Request.
  Time since last request: 0.000015 seconds.
  path: Assets/PLAYER TWO/Platformer Project/Examples/Materials/Prototype/Cream.mat
  artifactKey: Guid(4a278ec0893bc1d48837621c8193b55b) Importer(815301076,1909f56bfc062723c751e8b465ee728b)
Start importing Assets/PLAYER TWO/Platformer Project/Examples/Materials/Prototype/Cream.mat using Guid(4a278ec0893bc1d48837621c8193b55b) Importer(815301076,1909f56bfc062723c751e8b465ee728b) (PreviewImporter) -> (artifact id: 'a978b04762891e23b9afb803a2ac61d5') in 0.0123211 seconds
Number of updated asset objects reloaded before import = 0Number of asset objects unloaded after import = 1

========================================================================
Received Import Request.
  Time since last request: 0.000012 seconds.
  path: Assets/Quibli/Demos/Sample Scene with Quibli/Models/[3rdParty] Ellen/Ellen Materials/Ellen-Quibli-Mat-01-Body.mat
  artifactKey: Guid(74d77f5a51b3248b0ad2a226c7f51925) Importer(815301076,1909f56bfc062723c751e8b465ee728b)
Start importing Assets/Quibli/Demos/Sample Scene with Quibli/Models/[3rdParty] Ellen/Ellen Materials/Ellen-Quibli-Mat-01-Body.mat using Guid(74d77f5a51b3248b0ad2a226c7f51925) Importer(815301076,1909f56bfc062723c751e8b465ee728b) (PreviewImporter) -> (artifact id: 'e07ec7cb05001300dbbf3fd7f3926ef3') in 0.0143895 seconds
Number of updated asset objects reloaded before import = 0Number of asset objects unloaded after import = 5

========================================================================
Received Import Request.
  Time since last request: 0.023081 seconds.
  path: Assets/PLAYER TWO/Platformer Project/Examples/Materials/Models/Flowers.mat
  artifactKey: Guid(ecc6620a27c794147bb37af48c549356) Importer(815301076,1909f56bfc062723c751e8b465ee728b)
Start importing Assets/PLAYER TWO/Platformer Project/Examples/Materials/Models/Flowers.mat using Guid(ecc6620a27c794147bb37af48c549356) Importer(815301076,1909f56bfc062723c751e8b465ee728b) (PreviewImporter) -> (artifact id: 'c9515e5565746e84cfdb088065d62fe9') in 0.010174 seconds
Number of updated asset objects reloaded before import = 0Number of asset objects unloaded after import = 2

========================================================================
Received Import Request.
  Time since last request: 0.000013 seconds.
  path: Assets/Quibli/Demos/[Common]/Fonts/Oswald-Light.ttf
  artifactKey: Guid(4e847841c30024035acd0a7694862659) Importer(815301076,1909f56bfc062723c751e8b465ee728b)
Start importing Assets/Quibli/Demos/[Common]/Fonts/Oswald-Light.ttf using Guid(4e847841c30024035acd0a7694862659) Importer(815301076,1909f56bfc062723c751e8b465ee728b) (PreviewImporter) -> (artifact id: '2b1cdd4df2101e89cdcf6e7d27c14b74') in 0.0173903 seconds
Number of updated asset objects reloaded before import = 0Number of asset objects unloaded after import = 4

========================================================================
Received Import Request.
  Time since last request: 0.000013 seconds.
  path: Assets/Quibli/Demos/[Common]/Fonts/Oswald-Regular.ttf
  artifactKey: Guid(b88ed8160d94d47ec8631c273a6df621) Importer(815301076,1909f56bfc062723c751e8b465ee728b)
Start importing Assets/Quibli/Demos/[Common]/Fonts/Oswald-Regular.ttf using Guid(b88ed8160d94d47ec8631c273a6df621) Importer(815301076,1909f56bfc062723c751e8b465ee728b) (PreviewImporter) -> (artifact id: '67d5ea7800d49c1b28f5dac4517af5ac') in 0.010301 seconds
Number of updated asset objects reloaded before import = 0Number of asset objects unloaded after import = 4

========================================================================
Received Import Request.
  Time since last request: 0.000014 seconds.
  path: Assets/PLAYER TWO/Platformer Project/Examples/Fonts/PatrickHand-Regular.ttf
  artifactKey: Guid(d9d4a059cb23aa140bb50c29b580baa5) Importer(815301076,1909f56bfc062723c751e8b465ee728b)
Start importing Assets/PLAYER TWO/Platformer Project/Examples/Fonts/PatrickHand-Regular.ttf using Guid(d9d4a059cb23aa140bb50c29b580baa5) Importer(815301076,1909f56bfc062723c751e8b465ee728b) (PreviewImporter) -> (artifact id: 'cbf604f238f2c941f72153b7c9d7556e') in 0.0080439 seconds
Number of updated asset objects reloaded before import = 0Number of asset objects unloaded after import = 4

========================================================================
Received Import Request.
  Time since last request: 0.191836 seconds.
  path: Assets/PLAYER TWO/Platformer Project/Examples/Materials/Prototype/Green.mat
  artifactKey: Guid(90ae9ba0f86dd1f458b985091823f974) Importer(815301076,1909f56bfc062723c751e8b465ee728b)
Start importing Assets/PLAYER TWO/Platformer Project/Examples/Materials/Prototype/Green.mat using Guid(90ae9ba0f86dd1f458b985091823f974) Importer(815301076,1909f56bfc062723c751e8b465ee728b) (PreviewImporter) -> (artifact id: 'b94342b0cee074d7e4af77728632fffa') in 0.0099505 seconds
Number of updated asset objects reloaded before import = 0Number of asset objects unloaded after import = 1

========================================================================
Received Import Request.
  Time since last request: 0.000014 seconds.
  path: Assets/Quibli/Demos/Kitchenware/Kitchenware Materials Sets/Kitchenware Materials 01 Matte Vibrant/Kitchenware_01_Spoon01.mat
  artifactKey: Guid(d9787a9e31fa14cac928648f6f933777) Importer(815301076,1909f56bfc062723c751e8b465ee728b)
Start importing Assets/Quibli/Demos/Kitchenware/Kitchenware Materials Sets/Kitchenware Materials 01 Matte Vibrant/Kitchenware_01_Spoon01.mat using Guid(d9787a9e31fa14cac928648f6f933777) Importer(815301076,1909f56bfc062723c751e8b465ee728b) (PreviewImporter) -> (artifact id: '598eed161a2fa9b1dea028f26e87798c') in 0.0137356 seconds
Number of updated asset objects reloaded before import = 0Number of asset objects unloaded after import = 3

========================================================================
Received Import Request.
  Time since last request: 0.000015 seconds.
  path: Assets/PLAYER TWO/Platformer Project/Examples/Materials/Models/Item Box Empty.mat
  artifactKey: Guid(b34f1cda7fe47b14da34c9feafa0a721) Importer(815301076,1909f56bfc062723c751e8b465ee728b)
Start importing Assets/PLAYER TWO/Platformer Project/Examples/Materials/Models/Item Box Empty.mat using Guid(b34f1cda7fe47b14da34c9feafa0a721) Importer(815301076,1909f56bfc062723c751e8b465ee728b) (PreviewImporter) -> (artifact id: '40ecae24b0ec88e43d2b76b24646c6ae') in 0.0105477 seconds
Number of updated asset objects reloaded before import = 0Number of asset objects unloaded after import = 2

Editor requested this worker to shutdown with reason: Scaling down because of idle timeout
AssetImportWorker is now disconnected from the server
Process exiting
Exiting without the bug reporter. Application will terminate with return code 0