Using pre-set license
Built from '2023.2/staging' branch; Version is '2023.2.18f1 (1cb755715f58) revision 1881941'; Using compiler version '193431935'; Build Type 'Release'
OS: 'Windows 11  (10.0.22631) 64bit Professional' Language: 'es' Physical Memory: 65441 MB
BatchMode: 1, IsHumanControllingUs: 0, StartBugReporterOnCrash: 0, Is64bit: 1, IsPro: 1

COMMAND LINE ARGUMENTS:
C:\Program Files\Unity\Hub\Editor\2023.2.18f1\Editor\Unity.exe
-adb2
-batchMode
-noUpm
-name
AssetImportWorker2
-projectPath
H:/Unity/Chuchu-alba
-logFile
Logs/AssetImportWorker2.log
-srvPort
52083
-job-worker-count
11
-background-job-worker-count
8
-asset-garbage-collectors
1
Successfully changed project path to: H:/Unity/Chuchu-alba
H:/Unity/Chuchu-alba
[UnityMemory] Configuration Parameters - Can be set up in boot.config
    "memorysetup-bucket-allocator-granularity=16"
    "memorysetup-bucket-allocator-bucket-count=8"
    "memorysetup-bucket-allocator-block-size=33554432"
    "memorysetup-bucket-allocator-block-count=8"
    "memorysetup-main-allocator-block-size=16777216"
    "memorysetup-thread-allocator-block-size=16777216"
    "memorysetup-gfx-main-allocator-block-size=16777216"
    "memorysetup-gfx-thread-allocator-block-size=16777216"
    "memorysetup-cache-allocator-block-size=4194304"
    "memorysetup-typetree-allocator-block-size=2097152"
    "memorysetup-profiler-bucket-allocator-granularity=16"
    "memorysetup-profiler-bucket-allocator-bucket-count=8"
    "memorysetup-profiler-bucket-allocator-block-size=33554432"
    "memorysetup-profiler-bucket-allocator-block-count=8"
    "memorysetup-profiler-allocator-block-size=16777216"
    "memorysetup-profiler-editor-allocator-block-size=1048576"
    "memorysetup-temp-allocator-size-main=16777216"
    "memorysetup-job-temp-allocator-block-size=2097152"
    "memorysetup-job-temp-allocator-block-size-background=1048576"
    "memorysetup-job-temp-allocator-reduction-small-platforms=262144"
    "memorysetup-allocator-temp-initial-block-size-main=262144"
    "memorysetup-allocator-temp-initial-block-size-worker=262144"
    "memorysetup-temp-allocator-size-background-worker=32768"
    "memorysetup-temp-allocator-size-job-worker=262144"
    "memorysetup-temp-allocator-size-preload-manager=33554432"
    "memorysetup-temp-allocator-size-nav-mesh-worker=65536"
    "memorysetup-temp-allocator-size-audio-worker=65536"
    "memorysetup-temp-allocator-size-cloud-worker=32768"
    "memorysetup-temp-allocator-size-gi-baking-worker=262144"
    "memorysetup-temp-allocator-size-gi-baking-worker=262144"
    "memorysetup-temp-allocator-size-gi-baking-worker=262144"
    "memorysetup-temp-allocator-size-gi-baking-worker=262144"
    "memorysetup-temp-allocator-size-gfx=262144"
Player connection [19424] Host "[IP] 192.168.1.55 [Port] 0 [Flags] 2 [Guid] 1063432529 [EditorId] 1063432529 [Version] 1048832 [Id] WindowsEditor(7,DESKTOP-KFD4UNI) [Debug] 1 [PackageName] WindowsEditor [ProjectName] Editor" joined multi-casting on [225.0.0.222:54997]...
Player connection [19424] Host "[IP] 192.168.1.55 [Port] 0 [Flags] 2 [Guid] 1063432529 [EditorId] 1063432529 [Version] 1048832 [Id] WindowsEditor(7,DESKTOP-KFD4UNI) [Debug] 1 [PackageName] WindowsEditor [ProjectName] Editor" joined alternative multi-casting on [225.0.0.222:34997]...
JobSystem: Creating JobQueue using job-worker-count value 11
[Physics::Module] Initialized MultithreadedJobDispatcher with 11 workers.
Library Redirect Path: Library/
Refreshing native plugins compatible for Editor in 2.13 ms, found 3 plugins.
Preloading 0 native plugins for Editor in 0.00 ms.
Initialize engine version: 2023.2.18f1 (1cb755715f58)
[Subsystems] Discovering subsystems at path C:/Program Files/Unity/Hub/Editor/2023.2.18f1/Editor/Data/Resources/UnitySubsystems
[Subsystems] Discovering subsystems at path H:/Unity/Chuchu-alba/Assets
GfxDevice: creating device client; kGfxThreadingModeNonThreaded
Direct3D:
    Version:  Direct3D 11.0 [level 11.1]
    Renderer: NVIDIA GeForce RTX 3070 (ID=0x2488)
    Vendor:   NVIDIA
    VRAM:     8018 MB
    Driver:   32.0.15.5599
Initialize mono
Mono path[0] = 'C:/Program Files/Unity/Hub/Editor/2023.2.18f1/Editor/Data/Managed'
Mono path[1] = 'C:/Program Files/Unity/Hub/Editor/2023.2.18f1/Editor/Data/MonoBleedingEdge/lib/mono/unityjit-win32'
Mono config path = 'C:/Program Files/Unity/Hub/Editor/2023.2.18f1/Editor/Data/MonoBleedingEdge/etc'
Using monoOptions --debugger-agent=transport=dt_socket,embedding=1,server=y,suspend=n,address=127.0.0.1:56020
Begin MonoManager ReloadAssembly
C:\build\output\Unity-Technologies\mono\mono\metadata\icall.c:1842:
C:\build\output\Unity-Technologies\mono\mono\metadata\icall.c:1842:
C:\build\output\Unity-Technologies\mono\mono\metadata\icall.c:1842:
C:\build\output\Unity-Technologies\mono\mono\metadata\icall.c:1842:
C:\build\output\Unity-Technologies\mono\mono\metadata\icall.c:1842:
C:\build\output\Unity-Technologies\mono\mono\metadata\icall.c:1842:
C:\build\output\Unity-Technologies\mono\mono\metadata\icall.c:1842:
C:\build\output\Unity-Technologies\mono\mono\metadata\icall.c:1842:
C:\build\output\Unity-Technologies\mono\mono\metadata\icall.c:1842:
C:\build\output\Unity-Technologies\mono\mono\metadata\icall.c:1842:
Registering precompiled unity dll's ...
Register platform support module: C:/Program Files/Unity/Hub/Editor/2023.2.18f1/Editor/Data/PlaybackEngines/WebGLSupport/UnityEditor.WebGL.Extensions.dll
Register platform support module: C:/Program Files/Unity/Hub/Editor/2023.2.18f1/Editor/Data/PlaybackEngines/WindowsStandaloneSupport/UnityEditor.WindowsStandalone.Extensions.dll
Register platform support module: C:/Program Files/Unity/Hub/Editor/2023.2.18f1/Editor/Data/PlaybackEngines/MetroSupport/UnityEditor.UWP.Extensions.dll
Registered in 0.006145 seconds.
- Loaded All Assemblies, in  0.335 seconds
Native extension for UWP target not found
Native extension for WindowsStandalone target not found
Native extension for WebGL target not found
Mono: successfully reloaded assembly
C:\build\output\Unity-Technologies\mono\mono\metadata\icall.c:1842:
C:\build\output\Unity-Technologies\mono\mono\metadata\icall.c:1842:
- Finished resetting the current domain, in  0.280 seconds
Domain Reload Profiling: 613ms
	BeginReloadAssembly (122ms)
		ExecutionOrderSort (0ms)
		DisableScriptedObjects (0ms)
		BackupInstance (0ms)
		ReleaseScriptingObjects (0ms)
		CreateAndSetChildDomain (1ms)
	RebuildCommonClasses (30ms)
	RebuildNativeTypeToScriptingClass (9ms)
	initialDomainReloadingComplete (45ms)
	LoadAllAssembliesAndSetupDomain (126ms)
		LoadAssemblies (120ms)
		RebuildTransferFunctionScriptingTraits (0ms)
		AnalyzeDomain (123ms)
			TypeCache.Refresh (122ms)
				TypeCache.ScanAssembly (111ms)
			BuildScriptInfoCaches (0ms)
			ResolveRequiredComponents (0ms)
	FinalizeReload (281ms)
		ReleaseScriptCaches (0ms)
		RebuildScriptCaches (0ms)
		SetupLoadedEditorAssemblies (245ms)
			LogAssemblyErrors (0ms)
			InitializePlatformSupportModulesInManaged (36ms)
			SetLoadedEditorAssemblies (4ms)
			BeforeProcessingInitializeOnLoad (5ms)
			ProcessInitializeOnLoadAttributes (160ms)
			ProcessInitializeOnLoadMethodAttributes (40ms)
			AfterProcessingInitializeOnLoad (0ms)
			EditorAssembliesLoaded (0ms)
		ExecutionOrderSort2 (0ms)
		AwakeInstancesAfterBackupRestoration (0ms)
========================================================================
Worker process is ready to serve import requests
Import Worker Mode flag is 0x00
Begin MonoManager ReloadAssembly
C:\build\output\Unity-Technologies\mono\mono\metadata\icall.c:1842:
C:\build\output\Unity-Technologies\mono\mono\metadata\icall.c:1842:
C:\build\output\Unity-Technologies\mono\mono\metadata\icall.c:1842:
C:\build\output\Unity-Technologies\mono\mono\metadata\icall.c:1842:
C:\build\output\Unity-Technologies\mono\mono\metadata\icall.c:1842:
C:\build\output\Unity-Technologies\mono\mono\metadata\icall.c:1842:
C:\build\output\Unity-Technologies\mono\mono\metadata\icall.c:1842:
C:\build\output\Unity-Technologies\mono\mono\metadata\icall.c:1842:
C:\build\output\Unity-Technologies\mono\mono\metadata\icall.c:1842:
C:\build\output\Unity-Technologies\mono\mono\metadata\icall.c:1842:
C:\build\output\Unity-Technologies\mono\mono\metadata\icall.c:1842:
C:\build\output\Unity-Technologies\mono\mono\metadata\icall.c:1842:
Symbol file LoadedFromMemory doesn't match image H:\Unity\Chuchu-alba\Library\PackageCache\com.unity.visualscripting@1.8.0\Editor\VisualScripting.Core\Dependencies\YamlDotNet\Unity.VisualScripting.YamlDotNet.dll
Symbol file LoadedFromMemory doesn't match image H:\Unity\Chuchu-alba\Library\PackageCache\com.unity.visualscripting@1.8.0\Editor\VisualScripting.Core\Dependencies\DotNetZip\Unity.VisualScripting.IonicZip.dll
- Loaded All Assemblies, in  0.925 seconds
Refreshing native plugins compatible for Editor in 1.93 ms, found 3 plugins.
Native extension for UWP target not found
Native extension for WindowsStandalone target not found
Native extension for WebGL target not found
Mono: successfully reloaded assembly
Package Manager log level set to [2]
[Package Manager] Failed to launch server process. Reason: Unity was launched with the -noUpm command-line argument
[Package Manager] Unable to send message (not connected to server process).
[Package Manager] Cannot connect to Unity Package Manager local server
[Package Manager] Failed to launch server process. Reason: Unity was launched with the -noUpm command-line argument
[Package Manager] Unable to send message (not connected to server process).
[Package Manager] Cannot connect to Unity Package Manager local server
- Finished resetting the current domain, in  0.813 seconds
Domain Reload Profiling: 1734ms
	BeginReloadAssembly (336ms)
		ExecutionOrderSort (0ms)
		DisableScriptedObjects (5ms)
		BackupInstance (0ms)
		ReleaseScriptingObjects (0ms)
		CreateAndSetChildDomain (30ms)
	RebuildCommonClasses (30ms)
	RebuildNativeTypeToScriptingClass (10ms)
	initialDomainReloadingComplete (37ms)
	LoadAllAssembliesAndSetupDomain (507ms)
		LoadAssemblies (383ms)
		RebuildTransferFunctionScriptingTraits (0ms)
		AnalyzeDomain (224ms)
			TypeCache.Refresh (176ms)
				TypeCache.ScanAssembly (159ms)
			BuildScriptInfoCaches (34ms)
			ResolveRequiredComponents (11ms)
	FinalizeReload (814ms)
		ReleaseScriptCaches (0ms)
		RebuildScriptCaches (0ms)
		SetupLoadedEditorAssemblies (610ms)
			LogAssemblyErrors (0ms)
			InitializePlatformSupportModulesInManaged (10ms)
			SetLoadedEditorAssemblies (5ms)
			BeforeProcessingInitializeOnLoad (60ms)
			ProcessInitializeOnLoadAttributes (501ms)
			ProcessInitializeOnLoadMethodAttributes (30ms)
			AfterProcessingInitializeOnLoad (5ms)
			EditorAssembliesLoaded (0ms)
		ExecutionOrderSort2 (0ms)
		AwakeInstancesAfterBackupRestoration (7ms)
Launched and connected shader compiler UnityShaderCompiler.exe after 0.01 seconds
Refreshing native plugins compatible for Editor in 2.03 ms, found 3 plugins.
Preloading 0 native plugins for Editor in 0.00 ms.
Unloading 251 Unused Serialized files (Serialized files now loaded: 0)
Unloading 6640 unused Assets / (7.6 MB). Loaded Objects now: 7400.
Memory consumption went from 213.5 MB to 205.9 MB.
Total: 11.392900 ms (FindLiveObjects: 0.931600 ms CreateObjectMapping: 0.538500 ms MarkObjects: 6.048800 ms  DeleteObjects: 3.873000 ms)

========================================================================
Received Import Request.
  Time since last request: 436502.062314 seconds.
  path: Assets/Raygeas/Grasslands - Stylized Nature/Assets/Models/Vegetation/Grass_2.fbx
  artifactKey: Guid(184f5223aa080f841a76363e6019c1b6) Importer(815301076,1909f56bfc062723c751e8b465ee728b)
Start importing Assets/Raygeas/Grasslands - Stylized Nature/Assets/Models/Vegetation/Grass_2.fbx using Guid(184f5223aa080f841a76363e6019c1b6) Importer(815301076,1909f56bfc062723c751e8b465ee728b) (PreviewImporter) -> (artifact id: 'caacb5c5e78bc52450cde5f098db2af3') in 0.3228791 seconds
Number of updated asset objects reloaded before import = 0Number of asset objects unloaded after import = 19

========================================================================
Received Import Request.
  Time since last request: 0.000022 seconds.
  path: Assets/Raygeas/Grasslands - Stylized Nature/Assets/Prefabs/Vegetation/Grass_1.prefab
  artifactKey: Guid(0c1e836fa0b4c10459101789f6b7dd03) Importer(815301076,1909f56bfc062723c751e8b465ee728b)
Start importing Assets/Raygeas/Grasslands - Stylized Nature/Assets/Prefabs/Vegetation/Grass_1.prefab using Guid(0c1e836fa0b4c10459101789f6b7dd03) Importer(815301076,1909f56bfc062723c751e8b465ee728b) (PreviewImporter) -> (artifact id: '3419cb9f5b85e74a236a217af84c0828') in 0.7146259 seconds
Number of updated asset objects reloaded before import = 0Number of asset objects unloaded after import = 11

========================================================================
Received Import Request.
  Time since last request: 0.000031 seconds.
  path: Assets/Raygeas/Grasslands - Stylized Nature/Assets/Textures/Terrain/Materials/Grass_AlbedoSmoothness.mat
  artifactKey: Guid(f9bd46903cb13f248a235acd3f5fab29) Importer(815301076,1909f56bfc062723c751e8b465ee728b)
Start importing Assets/Raygeas/Grasslands - Stylized Nature/Assets/Textures/Terrain/Materials/Grass_AlbedoSmoothness.mat using Guid(f9bd46903cb13f248a235acd3f5fab29) Importer(815301076,1909f56bfc062723c751e8b465ee728b) (PreviewImporter) -> (artifact id: 'eb0ab6c82226f31ae11c2a96bda73ae9') in 0.0296196 seconds
Number of updated asset objects reloaded before import = 0Number of asset objects unloaded after import = 4

========================================================================
Received Import Request.
  Time since last request: 0.000025 seconds.
  path: Assets/Quibli/Demos/[Common]/Textures/Grass Textures/grass_details_dots_1.png
  artifactKey: Guid(b968019a1870d4358af26fe2dcc882e0) Importer(815301076,1909f56bfc062723c751e8b465ee728b)
Start importing Assets/Quibli/Demos/[Common]/Textures/Grass Textures/grass_details_dots_1.png using Guid(b968019a1870d4358af26fe2dcc882e0) Importer(815301076,1909f56bfc062723c751e8b465ee728b) (PreviewImporter) -> (artifact id: '289961eb19286708059711ee9a5456ad') in 0.0191425 seconds
Number of updated asset objects reloaded before import = 0Number of asset objects unloaded after import = 2

========================================================================
Received Import Request.
  Time since last request: 0.000020 seconds.
  path: Assets/Raygeas/Grasslands - Stylized Nature/Assets/Textures/Vegetation/Grass_Smoothness.png
  artifactKey: Guid(f2a0bca627295374bbaebe711a2e90e4) Importer(815301076,1909f56bfc062723c751e8b465ee728b)
Start importing Assets/Raygeas/Grasslands - Stylized Nature/Assets/Textures/Vegetation/Grass_Smoothness.png using Guid(f2a0bca627295374bbaebe711a2e90e4) Importer(815301076,1909f56bfc062723c751e8b465ee728b) (PreviewImporter) -> (artifact id: '75bd4ead470131a2ab0235c9e782be19') in 0.0142387 seconds
Number of updated asset objects reloaded before import = 0Number of asset objects unloaded after import = 2

========================================================================
Received Import Request.
  Time since last request: 0.000023 seconds.
  path: Assets/PLAYER TWO/Platformer Project/Examples/Audios/Effects/footstep_grass_2.wav
  artifactKey: Guid(63b27ac9a725ca74a846df6013decaf8) Importer(815301076,1909f56bfc062723c751e8b465ee728b)
Start importing Assets/PLAYER TWO/Platformer Project/Examples/Audios/Effects/footstep_grass_2.wav using Guid(63b27ac9a725ca74a846df6013decaf8) Importer(815301076,1909f56bfc062723c751e8b465ee728b) (PreviewImporter) -> (artifact id: '5440b51bd4daa57dfea2447901677604') in 0.0332185 seconds
Number of updated asset objects reloaded before import = 0Number of asset objects unloaded after import = 2

========================================================================
Received Import Request.
  Time since last request: 0.000025 seconds.
  path: Assets/Quibli/Demos/[Common]/Textures/Grass Textures/grass_noodles.png
  artifactKey: Guid(ce2673b07cad74e769ff92b5915d59c0) Importer(815301076,1909f56bfc062723c751e8b465ee728b)
Start importing Assets/Quibli/Demos/[Common]/Textures/Grass Textures/grass_noodles.png using Guid(ce2673b07cad74e769ff92b5915d59c0) Importer(815301076,1909f56bfc062723c751e8b465ee728b) (PreviewImporter) -> (artifact id: '771efef5038bbf1c25916f2c4b6d63f6') in 0.0192082 seconds
Number of updated asset objects reloaded before import = 0Number of asset objects unloaded after import = 2

========================================================================
Received Import Request.
  Time since last request: 0.000023 seconds.
  path: Assets/Raygeas/Grasslands - Stylized Nature/Assets/Terrain Layers/Grass.terrainlayer
  artifactKey: Guid(6521eb341a7e3734b828f9ebb5217003) Importer(815301076,1909f56bfc062723c751e8b465ee728b)
Start importing Assets/Raygeas/Grasslands - Stylized Nature/Assets/Terrain Layers/Grass.terrainlayer using Guid(6521eb341a7e3734b828f9ebb5217003) Importer(815301076,1909f56bfc062723c751e8b465ee728b) (PreviewImporter) -> (artifact id: 'b3f256c6c4b668f19a7e8908b1b5d2dd') in 0.0247435 seconds
Number of updated asset objects reloaded before import = 0Number of asset objects unloaded after import = 4

========================================================================
Received Import Request.
  Time since last request: 0.000020 seconds.
  path: Assets/Raygeas/Grasslands - Stylized Nature/Assets/Materials/Vegetation/Grass_1.mat
  artifactKey: Guid(fa30476022aff864d9210c04c3dd2269) Importer(815301076,1909f56bfc062723c751e8b465ee728b)
Start importing Assets/Raygeas/Grasslands - Stylized Nature/Assets/Materials/Vegetation/Grass_1.mat using Guid(fa30476022aff864d9210c04c3dd2269) Importer(815301076,1909f56bfc062723c751e8b465ee728b) (PreviewImporter) -> (artifact id: '7ec23531d0d98197f7943acfde41049e') in 0.0141919 seconds
Number of updated asset objects reloaded before import = 0Number of asset objects unloaded after import = 4

========================================================================
Received Import Request.
  Time since last request: 0.000024 seconds.
  path: Assets/Raygeas/Grasslands - Stylized Nature/Assets/Textures/Vegetation/Grass_3_Normal.png
  artifactKey: Guid(2fa9c3457061df348af9260d021a74b9) Importer(815301076,1909f56bfc062723c751e8b465ee728b)
Start importing Assets/Raygeas/Grasslands - Stylized Nature/Assets/Textures/Vegetation/Grass_3_Normal.png using Guid(2fa9c3457061df348af9260d021a74b9) Importer(815301076,1909f56bfc062723c751e8b465ee728b) (PreviewImporter) -> (artifact id: '97daf585cf2fc97faa1b233e1fcf12a8') in 0.020394 seconds
Number of updated asset objects reloaded before import = 0Number of asset objects unloaded after import = 2

========================================================================
Received Import Request.
  Time since last request: 0.000027 seconds.
  path: Assets/Quibli/Demos/[Common]/Textures/Grass Textures/grass_point_blades_4_thin.png
  artifactKey: Guid(d5c39eda8e7f0468eb641a9e8223d034) Importer(815301076,1909f56bfc062723c751e8b465ee728b)
Start importing Assets/Quibli/Demos/[Common]/Textures/Grass Textures/grass_point_blades_4_thin.png using Guid(d5c39eda8e7f0468eb641a9e8223d034) Importer(815301076,1909f56bfc062723c751e8b465ee728b) (PreviewImporter) -> (artifact id: '88f182b068416391b227cc76766a53b7') in 0.0211146 seconds
Number of updated asset objects reloaded before import = 0Number of asset objects unloaded after import = 2

========================================================================
Received Import Request.
  Time since last request: 0.000021 seconds.
  path: Assets/Raygeas/Grasslands - Stylized Nature/Assets/Textures/Vegetation/Grass_3.png
  artifactKey: Guid(c7f0999078be9e344906552a2c11a941) Importer(815301076,1909f56bfc062723c751e8b465ee728b)
Start importing Assets/Raygeas/Grasslands - Stylized Nature/Assets/Textures/Vegetation/Grass_3.png using Guid(c7f0999078be9e344906552a2c11a941) Importer(815301076,1909f56bfc062723c751e8b465ee728b) (PreviewImporter) -> (artifact id: 'c90f8829e5e4438b91910c1dd6297d03') in 0.0178174 seconds
Number of updated asset objects reloaded before import = 0Number of asset objects unloaded after import = 2

========================================================================
Received Import Request.
  Time since last request: 0.000021 seconds.
  path: Assets/Quibli/Demos/Plants/Prefabs/Grass Patch Long 1.prefab
  artifactKey: Guid(8c974734a6d4041538c0cc45823aacac) Importer(815301076,1909f56bfc062723c751e8b465ee728b)
Start importing Assets/Quibli/Demos/Plants/Prefabs/Grass Patch Long 1.prefab using Guid(8c974734a6d4041538c0cc45823aacac) Importer(815301076,1909f56bfc062723c751e8b465ee728b) (PreviewImporter) -> (artifact id: '21e4e4159fa66ebc0f9b22869fe80d1a') in 1.0821007 seconds
Number of updated asset objects reloaded before import = 0Number of asset objects unloaded after import = 21

========================================================================
Received Import Request.
  Time since last request: 5.625217 seconds.
  path: Assets/Quibli/Demos/City/Models/Grass_Sprout_01.fbx
  artifactKey: Guid(35f7d057938e94e1fa6253aa41353118) Importer(815301076,1909f56bfc062723c751e8b465ee728b)
Start importing Assets/Quibli/Demos/City/Models/Grass_Sprout_01.fbx using Guid(35f7d057938e94e1fa6253aa41353118) Importer(815301076,1909f56bfc062723c751e8b465ee728b) (PreviewImporter) -> (artifact id: 'e74085c6ea95380c65cf838f506d23b8') in 0.0176827 seconds
Number of updated asset objects reloaded before import = 0Number of asset objects unloaded after import = 10

========================================================================
Received Import Request.
  Time since last request: 0.026576 seconds.
  path: Assets/Raygeas/Grasslands - Stylized Nature/Settings/Grasslands_URP_Asset.asset
  artifactKey: Guid(dfc9fda250c62054dbae20fea8a44818) Importer(815301076,1909f56bfc062723c751e8b465ee728b)
Start importing Assets/Raygeas/Grasslands - Stylized Nature/Settings/Grasslands_URP_Asset.asset using Guid(dfc9fda250c62054dbae20fea8a44818) Importer(815301076,1909f56bfc062723c751e8b465ee728b) (PreviewImporter) -> (artifact id: '2d1551893c98b7c62bd427913241abd3') in 0.0024611 seconds
Number of updated asset objects reloaded before import = 0Number of asset objects unloaded after import = 8

========================================================================
Received Import Request.
  Time since last request: 0.000628 seconds.
  path: Assets/Raygeas/Grasslands - Stylized Nature/Settings/Grasslands_URP_Asset_Renderer.asset
  artifactKey: Guid(d4bb20b7442f93c45bf82127ba9c8179) Importer(815301076,1909f56bfc062723c751e8b465ee728b)
Start importing Assets/Raygeas/Grasslands - Stylized Nature/Settings/Grasslands_URP_Asset_Renderer.asset using Guid(d4bb20b7442f93c45bf82127ba9c8179) Importer(815301076,1909f56bfc062723c751e8b465ee728b) (PreviewImporter) -> (artifact id: '98b6217456b78bde42c12e2d456ba8ae') in 0.0018255 seconds
Number of updated asset objects reloaded before import = 0Number of asset objects unloaded after import = 7

========================================================================
Received Import Request.
  Time since last request: 0.000021 seconds.
  path: Assets/Raygeas/Grasslands - Stylized Nature/Assets/Terrain Layers/GrassMud.terrainlayer
  artifactKey: Guid(606766ff07c85c94b9dd424bb131384c) Importer(815301076,1909f56bfc062723c751e8b465ee728b)
Start importing Assets/Raygeas/Grasslands - Stylized Nature/Assets/Terrain Layers/GrassMud.terrainlayer using Guid(606766ff07c85c94b9dd424bb131384c) Importer(815301076,1909f56bfc062723c751e8b465ee728b) (PreviewImporter) -> (artifact id: '37a7c337aaa9ffa871e32c1daa34f28b') in 0.0414614 seconds
Number of updated asset objects reloaded before import = 0Number of asset objects unloaded after import = 4

========================================================================
Received Import Request.
  Time since last request: 0.000026 seconds.
  path: Assets/Raygeas/Grasslands - Stylized Nature/Assets/Terrain Layers/MudStonesGrass.terrainlayer
  artifactKey: Guid(505359d46989dc2469baa79731719b45) Importer(815301076,1909f56bfc062723c751e8b465ee728b)
Start importing Assets/Raygeas/Grasslands - Stylized Nature/Assets/Terrain Layers/MudStonesGrass.terrainlayer using Guid(505359d46989dc2469baa79731719b45) Importer(815301076,1909f56bfc062723c751e8b465ee728b) (PreviewImporter) -> (artifact id: 'c7f5513a52ee9e04e69cb9ef5876fbfd') in 0.041125 seconds
Number of updated asset objects reloaded before import = 0Number of asset objects unloaded after import = 4

========================================================================
Received Import Request.
  Time since last request: 0.281776 seconds.
  path: Assets/Quibli/Demos/Nature/Materials/NatureScene_Grass_Details.mat
  artifactKey: Guid(bc3edf82fc6eb47759ca80e684ab77c5) Importer(815301076,1909f56bfc062723c751e8b465ee728b)
Start importing Assets/Quibli/Demos/Nature/Materials/NatureScene_Grass_Details.mat using Guid(bc3edf82fc6eb47759ca80e684ab77c5) Importer(815301076,1909f56bfc062723c751e8b465ee728b) (PreviewImporter) -> (artifact id: '03aef5356222a291a67f8f40da47a90a') in 0.2158373 seconds
Number of updated asset objects reloaded before import = 0Number of asset objects unloaded after import = 4

========================================================================
Received Import Request.
  Time since last request: 12.162419 seconds.
  path: Assets/Quibli/Demos/[Common]/Textures/Foliage - Contour Textures/Foliage_Contour_Bush_InnerGradient_01.png
  artifactKey: Guid(e62131fd9a44b42ce92ca8d6f6e39095) Importer(815301076,1909f56bfc062723c751e8b465ee728b)
Start importing Assets/Quibli/Demos/[Common]/Textures/Foliage - Contour Textures/Foliage_Contour_Bush_InnerGradient_01.png using Guid(e62131fd9a44b42ce92ca8d6f6e39095) Importer(815301076,1909f56bfc062723c751e8b465ee728b) (PreviewImporter) -> (artifact id: '9ee552cf0fef6006d63e06162768b4e3') in 0.0124633 seconds
Number of updated asset objects reloaded before import = 0Number of asset objects unloaded after import = 2

========================================================================
Received Import Request.
  Time since last request: 0.000640 seconds.
  path: Assets/Quibli/Demos/[Common]/Textures/Foliage - Contour Textures/Foliage_Contour_Bush_InnerGradient_05.png
  artifactKey: Guid(90e542d625fd24f47a8d51a00f0998ee) Importer(815301076,1909f56bfc062723c751e8b465ee728b)
Start importing Assets/Quibli/Demos/[Common]/Textures/Foliage - Contour Textures/Foliage_Contour_Bush_InnerGradient_05.png using Guid(90e542d625fd24f47a8d51a00f0998ee) Importer(815301076,1909f56bfc062723c751e8b465ee728b) (PreviewImporter) -> (artifact id: '238d774f7246c6b15c5bc636f153cb1e') in 0.0127214 seconds
Number of updated asset objects reloaded before import = 0Number of asset objects unloaded after import = 2

========================================================================
Received Import Request.
  Time since last request: 3.788029 seconds.
  path: Assets/PLAYER TWO/Platformer Project/Scripts/Gravity Field/Editor/GravityFieldEditor.cs
  artifactKey: Guid(75f782bdd33d15a42995e3eba125e3e1) Importer(815301076,1909f56bfc062723c751e8b465ee728b)
Start importing Assets/PLAYER TWO/Platformer Project/Scripts/Gravity Field/Editor/GravityFieldEditor.cs using Guid(75f782bdd33d15a42995e3eba125e3e1) Importer(815301076,1909f56bfc062723c751e8b465ee728b) (PreviewImporter) -> (artifact id: '8c566ffb3e2f56070d7f0ce91ca816f0') in 0.0004969 seconds
Number of updated asset objects reloaded before import = 0Number of asset objects unloaded after import = 0

========================================================================
Received Import Request.
  Time since last request: 0.872669 seconds.
  path: Assets/PLAYER TWO/Platformer Project/Scripts/Gravity Field/GravityField.cs
  artifactKey: Guid(8a6b31bd92ddfdb4b8c388587ab97b9d) Importer(815301076,1909f56bfc062723c751e8b465ee728b)
Start importing Assets/PLAYER TWO/Platformer Project/Scripts/Gravity Field/GravityField.cs using Guid(8a6b31bd92ddfdb4b8c388587ab97b9d) Importer(815301076,1909f56bfc062723c751e8b465ee728b) (PreviewImporter) -> (artifact id: 'abff734213f2dc3d26704524257714c7') in 0.0004363 seconds
Number of updated asset objects reloaded before import = 0Number of asset objects unloaded after import = 0

========================================================================
Received Prepare
Begin MonoManager ReloadAssembly
C:\build\output\Unity-Technologies\mono\mono\metadata\icall.c:1842:
C:\build\output\Unity-Technologies\mono\mono\metadata\icall.c:1842:
C:\build\output\Unity-Technologies\mono\mono\metadata\icall.c:1842:
C:\build\output\Unity-Technologies\mono\mono\metadata\icall.c:1842:
C:\build\output\Unity-Technologies\mono\mono\metadata\icall.c:1842:
C:\build\output\Unity-Technologies\mono\mono\metadata\icall.c:1842:
C:\build\output\Unity-Technologies\mono\mono\metadata\icall.c:1842:
C:\build\output\Unity-Technologies\mono\mono\metadata\icall.c:1842:
C:\build\output\Unity-Technologies\mono\mono\metadata\icall.c:1842:
C:\build\output\Unity-Technologies\mono\mono\metadata\icall.c:1842:
C:\build\output\Unity-Technologies\mono\mono\metadata\icall.c:1842:
C:\build\output\Unity-Technologies\mono\mono\metadata\icall.c:1842:
Symbol file LoadedFromMemory doesn't match image H:\Unity\Chuchu-alba\Library\PackageCache\com.unity.visualscripting@1.8.0\Editor\VisualScripting.Core\Dependencies\YamlDotNet\Unity.VisualScripting.YamlDotNet.dll
Symbol file LoadedFromMemory doesn't match image H:\Unity\Chuchu-alba\Library\PackageCache\com.unity.visualscripting@1.8.0\Editor\VisualScripting.Core\Dependencies\DotNetZip\Unity.VisualScripting.IonicZip.dll
- Loaded All Assemblies, in  0.655 seconds
Refreshing native plugins compatible for Editor in 1.89 ms, found 3 plugins.
Native extension for UWP target not found
Native extension for WindowsStandalone target not found
Native extension for WebGL target not found
Mono: successfully reloaded assembly
[Package Manager] Failed to launch server process. Reason: Unity was launched with the -noUpm command-line argument
[Package Manager] Unable to send message (not connected to server process).
[Package Manager] Cannot connect to Unity Package Manager local server
- Finished resetting the current domain, in  0.738 seconds
Domain Reload Profiling: 1392ms
	BeginReloadAssembly (198ms)
		ExecutionOrderSort (0ms)
		DisableScriptedObjects (13ms)
		BackupInstance (0ms)
		ReleaseScriptingObjects (0ms)
		CreateAndSetChildDomain (55ms)
	RebuildCommonClasses (28ms)
	RebuildNativeTypeToScriptingClass (10ms)
	initialDomainReloadingComplete (24ms)
	LoadAllAssembliesAndSetupDomain (394ms)
		LoadAssemblies (326ms)
		RebuildTransferFunctionScriptingTraits (0ms)
		AnalyzeDomain (157ms)
			TypeCache.Refresh (7ms)
				TypeCache.ScanAssembly (0ms)
			BuildScriptInfoCaches (137ms)
			ResolveRequiredComponents (10ms)
	FinalizeReload (738ms)
		ReleaseScriptCaches (0ms)
		RebuildScriptCaches (0ms)
		SetupLoadedEditorAssemblies (522ms)
			LogAssemblyErrors (0ms)
			InitializePlatformSupportModulesInManaged (11ms)
			SetLoadedEditorAssemblies (3ms)
			BeforeProcessingInitializeOnLoad (52ms)
			ProcessInitializeOnLoadAttributes (424ms)
			ProcessInitializeOnLoadMethodAttributes (28ms)
			AfterProcessingInitializeOnLoad (5ms)
			EditorAssembliesLoaded (0ms)
		ExecutionOrderSort2 (0ms)
		AwakeInstancesAfterBackupRestoration (23ms)
Refreshing native plugins compatible for Editor in 2.01 ms, found 3 plugins.
Preloading 0 native plugins for Editor in 0.00 ms.
Unloading 43 Unused Serialized files (Serialized files now loaded: 0)
Unloading 6635 unused Assets / (6.4 MB). Loaded Objects now: 7493.
Memory consumption went from 182.4 MB to 176.0 MB.
Total: 12.361200 ms (FindLiveObjects: 0.918400 ms CreateObjectMapping: 0.474200 ms MarkObjects: 7.580800 ms  DeleteObjects: 3.386900 ms)

Prepare: number of updated asset objects reloaded= 0
Editor requested this worker to shutdown with reason: Scaling down because of idle timeout
AssetImportWorker is now disconnected from the server
Process exiting
Exiting without the bug reporter. Application will terminate with return code 0